{"meta": {"format": 3, "version": "7.13.5", "timestamp": "2026-03-24T22:07:31.791047", "branch_coverage": false, "show_contexts": false}, "files": {"api/__init__.py": {"executed_lines": [], "summary": {"covered_lines": 0, "num_statements": 0, "percent_covered": 100.0, "percent_covered_display": "100", "missing_lines": 0, "excluded_lines": 0, "percent_statements_covered": 100.0, "percent_statements_covered_display": "100"}, "missing_lines": [], "excluded_lines": [], "functions": {"": {"executed_lines": [], "summary": {"covered_lines": 0, "num_statements": 0, "percent_covered": 100.0, "percent_covered_display": "100", "missing_lines": 0, "excluded_lines": 0, "percent_statements_covered": 100.0, "percent_statements_covered_display": "100"}, "missing_lines": [], "excluded_lines": [], "start_line": 1}}, "classes": {"": {"executed_lines": [], "summary": {"covered_lines": 0, "num_statements": 0, "percent_covered": 100.0, "percent_covered_display": "100", "missing_lines": 0, "excluded_lines": 0, "percent_statements_covered": 100.0, "percent_statements_covered_display": "100"}, "missing_lines": [], "excluded_lines": [], "start_line": 1}}}, "api/deps.py": {"executed_lines": [], "summary": {"covered_lines": 0, "num_statements": 8, "percent_covered": 0.0, "percent_covered_display": "0", "missing_lines": 8, "excluded_lines": 0, "percent_statements_covered": 0.0, "percent_statements_covered_display": "0"}, "missing_lines": [1, 3, 4, 6, 9, 10, 11, 14], "excluded_lines": [], "functions": {"db_session": {"executed_lines": [], "summary": {"covered_lines": 0, "num_statements": 2, "percent_covered": 0.0, "percent_covered_display": "0", "missing_lines": 2, "excluded_lines": 0, "percent_statements_covered": 0.0, "percent_statements_covered_display": "0"}, "missing_lines": [10, 11], "excluded_lines": [], "start_line": 9}, "": {"executed_lines": [], "summary": {"covered_lines": 0, "num_statements": 6, "percent_covered": 0.0, "percent_covered_display": "0", "missing_lines": 6, "excluded_lines": 0, "percent_statements_covered": 0.0, "percent_statements_covered_display": "0"}, "missing_lines": [1, 3, 4, 6, 9, 14], "excluded_lines": [], "start_line": 1}}, "classes": {"": {"executed_lines": [], "summary": {"covered_lines": 0, "num_statements": 8, "percent_covered": 0.0, "percent_covered_display": "0", "missing_lines": 8, "excluded_lines": 0, "percent_statements_covered": 0.0, "percent_statements_covered_display": "0"}, "missing_lines": [1, 3, 4, 6, 9, 10, 11, 14], "excluded_lines": [], "start_line": 1}}}, "api/main.py": {"executed_lines": [], "summary": {"covered_lines": 0, "num_statements": 76, "percent_covered": 0.0, "percent_covered_display": "0", "missing_lines": 76, "excluded_lines": 0, "percent_statements_covered": 0.0, "percent_statements_covered_display": "0"}, "missing_lines": [1, 2, 3, 4, 6, 7, 8, 10, 12, 31, 34, 36, 38, 39, 40, 41, 42, 45, 46, 47, 48, 49, 50, 51, 53, 54, 55, 57, 58, 59, 60, 61, 63, 64, 65, 67, 68, 69, 71, 72, 73, 74, 75, 77, 80, 81, 82, 83, 86, 93, 101, 103, 106, 107, 108, 111, 112, 114, 116, 121, 122, 123, 124, 125, 126, 127, 128, 129, 130, 131, 132, 133, 134, 135, 136, 137], "excluded_lines": [], "functions": {"_import_all_crawlers": {"executed_lines": [], "summary": {"covered_lines": 0, "num_statements": 6, "percent_covered": 0.0, "percent_covered_display": "0", "missing_lines": 6, "excluded_lines": 0, "percent_statements_covered": 0.0, "percent_statements_covered_display": "0"}, "missing_lines": [36, 38, 39, 40, 41, 42], "excluded_lines": [], "start_line": 34}, "lifespan": {"executed_lines": [], "summary": {"covered_lines": 0, "num_statements": 29, "percent_covered": 0.0, "percent_covered_display": "0", "missing_lines": 29, "excluded_lines": 0, "percent_statements_covered": 0.0, "percent_statements_covered_display": "0"}, "missing_lines": [47, 48, 49, 50, 51, 53, 54, 55, 57, 58, 59, 60, 61, 63, 64, 65, 67, 68, 69, 71, 72, 73, 74, 75, 77, 80, 81, 82, 83], "excluded_lines": [], "start_line": 46}, "ui_index": {"executed_lines": [], "summary": {"covered_lines": 0, "num_statements": 1, "percent_covered": 0.0, "percent_covered_display": "0", "missing_lines": 1, "excluded_lines": 0, "percent_statements_covered": 0.0, "percent_statements_covered_display": "0"}, "missing_lines": [108], "excluded_lines": [], "start_line": 107}, "ui_redirect": {"executed_lines": [], "summary": {"covered_lines": 0, "num_statements": 2, "percent_covered": 0.0, "percent_covered_display": "0", "missing_lines": 2, "excluded_lines": 0, "percent_statements_covered": 0.0, "percent_statements_covered_display": "0"}, "missing_lines": [114, 116], "excluded_lines": [], "start_line": 112}, "": {"executed_lines": [], "summary": {"covered_lines": 0, "num_statements": 38, "percent_covered": 0.0, "percent_covered_display": "0", "missing_lines": 38, "excluded_lines": 0, "percent_statements_covered": 0.0, "percent_statements_covered_display": "0"}, "missing_lines": [1, 2, 3, 4, 6, 7, 8, 10, 12, 31, 34, 45, 46, 86, 93, 101, 103, 106, 107, 111, 112, 121, 122, 123, 124, 125, 126, 127, 128, 129, 130, 131, 132, 133, 134, 135, 136, 137], "excluded_lines": [], "start_line": 1}}, "classes": {"": {"executed_lines": [], "summary": {"covered_lines": 0, "num_statements": 76, "percent_covered": 0.0, "percent_covered_display": "0", "missing_lines": 76, "excluded_lines": 0, "percent_statements_covered": 0.0, "percent_statements_covered_display": "0"}, "missing_lines": [1, 2, 3, 4, 6, 7, 8, 10, 12, 31, 34, 36, 38, 39, 40, 41, 42, 45, 46, 47, 48, 49, 50, 51, 53, 54, 55, 57, 58, 59, 60, 61, 63, 64, 65, 67, 68, 69, 71, 72, 73, 74, 75, 77, 80, 81, 82, 83, 86, 93, 101, 103, 106, 107, 108, 111, 112, 114, 116, 121, 122, 123, 124, 125, 126, 127, 128, 129, 130, 131, 132, 133, 134, 135, 136, 137], "excluded_lines": [], "start_line": 1}}}, "api/routes/__init__.py": {"executed_lines": [], "summary": {"covered_lines": 0, "num_statements": 0, "percent_covered": 100.0, "percent_covered_display": "100", "missing_lines": 0, "excluded_lines": 0, "percent_statements_covered": 100.0, "percent_statements_covered_display": "100"}, "missing_lines": [], "excluded_lines": [], "functions": {"": {"executed_lines": [], "summary": {"covered_lines": 0, "num_statements": 0, "percent_covered": 100.0, "percent_covered_display": "100", "missing_lines": 0, "excluded_lines": 0, "percent_statements_covered": 100.0, "percent_statements_covered_display": "100"}, "missing_lines": [], "excluded_lines": [], "start_line": 1}}, "classes": {"": {"executed_lines": [], "summary": {"covered_lines": 0, "num_statements": 0, "percent_covered": 100.0, "percent_covered_display": "100", "missing_lines": 0, "excluded_lines": 0, "percent_statements_covered": 100.0, "percent_statements_covered_display": "100"}, "missing_lines": [], "excluded_lines": [], "start_line": 1}}}, "api/routes/alerts.py": {"executed_lines": [], "summary": {"covered_lines": 0, "num_statements": 29, "percent_covered": 0.0, "percent_covered_display": "0", "missing_lines": 29, "excluded_lines": 0, "percent_statements_covered": 0.0, "percent_statements_covered_display": "0"}, "missing_lines": [3, 4, 6, 7, 8, 10, 11, 13, 14, 17, 18, 21, 22, 23, 24, 25, 43, 44, 45, 46, 47, 48, 49, 50, 53, 54, 55, 56, 57], "excluded_lines": [], "functions": {"list_alerts": {"executed_lines": [], "summary": {"covered_lines": 0, "num_statements": 5, "percent_covered": 0.0, "percent_covered_display": "0", "missing_lines": 5, "excluded_lines": 0, "percent_statements_covered": 0.0, "percent_statements_covered_display": "0"}, "missing_lines": [21, 22, 23, 24, 25], "excluded_lines": [], "start_line": 18}, "mark_read": {"executed_lines": [], "summary": {"covered_lines": 0, "num_statements": 6, "percent_covered": 0.0, "percent_covered_display": "0", "missing_lines": 6, "excluded_lines": 0, "percent_statements_covered": 0.0, "percent_statements_covered_display": "0"}, "missing_lines": [45, 46, 47, 48, 49, 50], "excluded_lines": [], "start_line": 44}, "mark_all_read": {"executed_lines": [], "summary": {"covered_lines": 0, "num_statements": 3, "percent_covered": 0.0, "percent_covered_display": "0", "missing_lines": 3, "excluded_lines": 0, "percent_statements_covered": 0.0, "percent_statements_covered_display": "0"}, "missing_lines": [55, 56, 57], "excluded_lines": [], "start_line": 54}, "": {"executed_lines": [], "summary": {"covered_lines": 0, "num_statements": 15, "percent_covered": 0.0, "percent_covered_display": "0", "missing_lines": 15, "excluded_lines": 0, "percent_statements_covered": 0.0, "percent_statements_covered_display": "0"}, "missing_lines": [3, 4, 6, 7, 8, 10, 11, 13, 14, 17, 18, 43, 44, 53, 54], "excluded_lines": [], "start_line": 1}}, "classes": {"": {"executed_lines": [], "summary": {"covered_lines": 0, "num_statements": 29, "percent_covered": 0.0, "percent_covered_display": "0", "missing_lines": 29, "excluded_lines": 0, "percent_statements_covered": 0.0, "percent_statements_covered_display": "0"}, "missing_lines": [3, 4, 6, 7, 8, 10, 11, 13, 14, 17, 18, 21, 22, 23, 24, 25, 43, 44, 45, 46, 47, 48, 49, 50, 53, 54, 55, 56, 57], "excluded_lines": [], "start_line": 1}}}, "api/routes/behavioural.py": {"executed_lines": [], "summary": {"covered_lines": 0, "num_statements": 16, "percent_covered": 0.0, "percent_covered_display": "0", "missing_lines": 16, "excluded_lines": 0, "percent_statements_covered": 0.0, "percent_statements_covered_display": "0"}, "missing_lines": [3, 4, 6, 7, 8, 10, 11, 13, 14, 17, 18, 19, 22, 23, 24, 27], "excluded_lines": [], "functions": {"get_behavioural_profile": {"executed_lines": [], "summary": {"covered_lines": 0, "num_statements": 5, "percent_covered": 0.0, "percent_covered_display": "0", "missing_lines": 5, "excluded_lines": 0, "percent_statements_covered": 0.0, "percent_statements_covered_display": "0"}, "missing_lines": [19, 22, 23, 24, 27], "excluded_lines": [], "start_line": 18}, "": {"executed_lines": [], "summary": {"covered_lines": 0, "num_statements": 11, "percent_covered": 0.0, "percent_covered_display": "0", "missing_lines": 11, "excluded_lines": 0, "percent_statements_covered": 0.0, "percent_statements_covered_display": "0"}, "missing_lines": [3, 4, 6, 7, 8, 10, 11, 13, 14, 17, 18], "excluded_lines": [], "start_line": 1}}, "classes": {"": {"executed_lines": [], "summary": {"covered_lines": 0, "num_statements": 16, "percent_covered": 0.0, "percent_covered_display": "0", "missing_lines": 16, "excluded_lines": 0, "percent_statements_covered": 0.0, "percent_statements_covered_display": "0"}, "missing_lines": [3, 4, 6, 7, 8, 10, 11, 13, 14, 17, 18, 19, 22, 23, 24, 27], "excluded_lines": [], "start_line": 1}}}, "api/routes/compliance.py": {"executed_lines": [], "summary": {"covered_lines": 0, "num_statements": 40, "percent_covered": 0.0, "percent_covered_display": "0", "missing_lines": 40, "excluded_lines": 0, "percent_statements_covered": 0.0, "percent_statements_covered_display": "0"}, "missing_lines": [3, 4, 5, 7, 8, 9, 10, 12, 13, 15, 16, 19, 20, 21, 22, 25, 26, 27, 28, 29, 30, 31, 32, 33, 36, 37, 38, 39, 40, 41, 42, 58, 59, 60, 61, 62, 63, 64, 65, 66], "excluded_lines": [], "functions": {"submit_opt_out": {"executed_lines": [], "summary": {"covered_lines": 0, "num_statements": 7, "percent_covered": 0.0, "percent_covered_display": "0", "missing_lines": 7, "excluded_lines": 0, "percent_statements_covered": 0.0, "percent_statements_covered_display": "0"}, "missing_lines": [27, 28, 29, 30, 31, 32, 33], "excluded_lines": [], "start_line": 26}, "list_opt_outs": {"executed_lines": [], "summary": {"covered_lines": 0, "num_statements": 5, "percent_covered": 0.0, "percent_covered_display": "0", "missing_lines": 5, "excluded_lines": 0, "percent_statements_covered": 0.0, "percent_statements_covered_display": "0"}, "missing_lines": [38, 39, 40, 41, 42], "excluded_lines": [], "start_line": 37}, "process_opt_out": {"executed_lines": [], "summary": {"covered_lines": 0, "num_statements": 7, "percent_covered": 0.0, "percent_covered_display": "0", "missing_lines": 7, "excluded_lines": 0, "percent_statements_covered": 0.0, "percent_statements_covered_display": "0"}, "missing_lines": [60, 61, 62, 63, 64, 65, 66], "excluded_lines": [], "start_line": 59}, "": {"executed_lines": [], "summary": {"covered_lines": 0, "num_statements": 21, "percent_covered": 0.0, "percent_covered_display": "0", "missing_lines": 21, "excluded_lines": 0, "percent_statements_covered": 0.0, "percent_statements_covered_display": "0"}, "missing_lines": [3, 4, 5, 7, 8, 9, 10, 12, 13, 15, 16, 19, 20, 21, 22, 25, 26, 36, 37, 58, 59], "excluded_lines": [], "start_line": 1}}, "classes": {"OptOutRequest": {"executed_lines": [], "summary": {"covered_lines": 0, "num_statements": 0, "percent_covered": 100.0, "percent_covered_display": "100", "missing_lines": 0, "excluded_lines": 0, "percent_statements_covered": 100.0, "percent_statements_covered_display": "100"}, "missing_lines": [], "excluded_lines": [], "start_line": 19}, "": {"executed_lines": [], "summary": {"covered_lines": 0, "num_statements": 40, "percent_covered": 0.0, "percent_covered_display": "0", "missing_lines": 40, "excluded_lines": 0, "percent_statements_covered": 0.0, "percent_statements_covered_display": "0"}, "missing_lines": [3, 4, 5, 7, 8, 9, 10, 12, 13, 15, 16, 19, 20, 21, 22, 25, 26, 27, 28, 29, 30, 31, 32, 33, 36, 37, 38, 39, 40, 41, 42, 58, 59, 60, 61, 62, 63, 64, 65, 66], "excluded_lines": [], "start_line": 1}}}, "api/routes/crawls.py": {"executed_lines": [], "summary": {"covered_lines": 0, "num_statements": 48, "percent_covered": 0.0, "percent_covered_display": "0", "missing_lines": 48, "excluded_lines": 0, "percent_statements_covered": 0.0, "percent_statements_covered_display": "0"}, "missing_lines": [1, 2, 3, 5, 6, 7, 9, 12, 13, 19, 20, 25, 26, 27, 28, 29, 30, 33, 34, 35, 37, 38, 39, 40, 42, 43, 44, 45, 48, 49, 50, 52, 54, 55, 56, 57, 59, 60, 61, 63, 68, 71, 76, 79, 80, 81, 83, 91], "excluded_lines": [], "functions": {"_job_dict": {"executed_lines": [], "summary": {"covered_lines": 0, "num_statements": 1, "percent_covered": 0.0, "percent_covered_display": "0", "missing_lines": 1, "excluded_lines": 0, "percent_statements_covered": 0.0, "percent_statements_covered_display": "0"}, "missing_lines": [13], "excluded_lines": [], "start_line": 12}, "list_crawls": {"executed_lines": [], "summary": {"covered_lines": 0, "num_statements": 6, "percent_covered": 0.0, "percent_covered_display": "0", "missing_lines": 6, "excluded_lines": 0, "percent_statements_covered": 0.0, "percent_statements_covered_display": "0"}, "missing_lines": [25, 26, 27, 28, 29, 30], "excluded_lines": [], "start_line": 20}, "get_crawl": {"executed_lines": [], "summary": {"covered_lines": 0, "num_statements": 9, "percent_covered": 0.0, "percent_covered_display": "0", "missing_lines": 9, "excluded_lines": 0, "percent_statements_covered": 0.0, "percent_statements_covered_display": "0"}, "missing_lines": [35, 37, 38, 39, 40, 42, 43, 44, 45], "excluded_lines": [], "start_line": 34}, "retry_crawl": {"executed_lines": [], "summary": {"covered_lines": 0, "num_statements": 18, "percent_covered": 0.0, "percent_covered_display": "0", "missing_lines": 18, "excluded_lines": 0, "percent_statements_covered": 0.0, "percent_statements_covered_display": "0"}, "missing_lines": [50, 52, 54, 55, 56, 57, 59, 60, 61, 63, 68, 71, 76, 79, 80, 81, 83, 91], "excluded_lines": [], "start_line": 49}, "": {"executed_lines": [], "summary": {"covered_lines": 0, "num_statements": 14, "percent_covered": 0.0, "percent_covered_display": "0", "missing_lines": 14, "excluded_lines": 0, "percent_statements_covered": 0.0, "percent_statements_covered_display": "0"}, "missing_lines": [1, 2, 3, 5, 6, 7, 9, 12, 19, 20, 33, 34, 48, 49], "excluded_lines": [], "start_line": 1}}, "classes": {"": {"executed_lines": [], "summary": {"covered_lines": 0, "num_statements": 48, "percent_covered": 0.0, "percent_covered_display": "0", "missing_lines": 48, "excluded_lines": 0, "percent_statements_covered": 0.0, "percent_statements_covered_display": "0"}, "missing_lines": [1, 2, 3, 5, 6, 7, 9, 12, 13, 19, 20, 25, 26, 27, 28, 29, 30, 33, 34, 35, 37, 38, 39, 40, 42, 43, 44, 45, 48, 49, 50, 52, 54, 55, 56, 57, 59, 60, 61, 63, 68, 71, 76, 79, 80, 81, 83, 91], "excluded_lines": [], "start_line": 1}}}, "api/routes/dedup.py": {"executed_lines": [], "summary": {"covered_lines": 0, "num_statements": 77, "percent_covered": 0.0, "percent_covered_display": "0", "missing_lines": 77, "excluded_lines": 0, "percent_statements_covered": 0.0, "percent_statements_covered_display": "0"}, "missing_lines": [3, 4, 6, 7, 8, 9, 11, 12, 13, 15, 16, 22, 23, 24, 27, 28, 34, 36, 37, 38, 39, 42, 43, 54, 55, 57, 58, 60, 65, 66, 67, 68, 73, 75, 76, 78, 81, 82, 84, 85, 88, 89, 91, 92, 95, 96, 97, 98, 99, 100, 102, 103, 104, 105, 106, 107, 109, 116, 117, 119, 120, 121, 122, 123, 124, 126, 133, 134, 136, 138, 139, 145, 146, 147, 148, 150, 152], "excluded_lines": [], "functions": {"_validate_uuid": {"executed_lines": [], "summary": {"covered_lines": 0, "num_statements": 4, "percent_covered": 0.0, "percent_covered_display": "0", "missing_lines": 4, "excluded_lines": 0, "percent_statements_covered": 0.0, "percent_statements_covered_display": "0"}, "missing_lines": [36, 37, 38, 39], "excluded_lines": [], "start_line": 34}, "_candidate_to_dict": {"executed_lines": [], "summary": {"covered_lines": 0, "num_statements": 1, "percent_covered": 0.0, "percent_covered_display": "0", "missing_lines": 1, "excluded_lines": 0, "percent_statements_covered": 0.0, "percent_statements_covered_display": "0"}, "missing_lines": [43], "excluded_lines": [], "start_line": 42}, "merge_persons": {"executed_lines": [], "summary": {"covered_lines": 0, "num_statements": 11, "percent_covered": 0.0, "percent_covered_display": "0", "missing_lines": 11, "excluded_lines": 0, "percent_statements_covered": 0.0, "percent_statements_covered_display": "0"}, "missing_lines": [57, 58, 60, 65, 66, 67, 68, 73, 75, 76, 78], "excluded_lines": [], "start_line": 55}, "batch_candidates": {"executed_lines": [], "summary": {"covered_lines": 0, "num_statements": 19, "percent_covered": 0.0, "percent_covered_display": "0", "missing_lines": 19, "excluded_lines": 0, "percent_statements_covered": 0.0, "percent_statements_covered_display": "0"}, "missing_lines": [84, 85, 88, 89, 91, 92, 95, 96, 97, 98, 99, 100, 102, 103, 104, 105, 106, 107, 109], "excluded_lines": [], "start_line": 82}, "get_candidates": {"executed_lines": [], "summary": {"covered_lines": 0, "num_statements": 7, "percent_covered": 0.0, "percent_covered_display": "0", "missing_lines": 7, "excluded_lines": 0, "percent_statements_covered": 0.0, "percent_statements_covered_display": "0"}, "missing_lines": [119, 120, 121, 122, 123, 124, 126], "excluded_lines": [], "start_line": 117}, "merge_history": {"executed_lines": [], "summary": {"covered_lines": 0, "num_statements": 9, "percent_covered": 0.0, "percent_covered_display": "0", "missing_lines": 9, "excluded_lines": 0, "percent_statements_covered": 0.0, "percent_statements_covered_display": "0"}, "missing_lines": [136, 138, 139, 145, 146, 147, 148, 150, 152], "excluded_lines": [], "start_line": 134}, "": {"executed_lines": [], "summary": {"covered_lines": 0, "num_statements": 26, "percent_covered": 0.0, "percent_covered_display": "0", "missing_lines": 26, "excluded_lines": 0, "percent_statements_covered": 0.0, "percent_statements_covered_display": "0"}, "missing_lines": [3, 4, 6, 7, 8, 9, 11, 12, 13, 15, 16, 22, 23, 24, 27, 28, 34, 42, 54, 55, 81, 82, 116, 117, 133, 134], "excluded_lines": [], "start_line": 1}}, "classes": {"MergeRequest": {"executed_lines": [], "summary": {"covered_lines": 0, "num_statements": 0, "percent_covered": 100.0, "percent_covered_display": "100", "missing_lines": 0, "excluded_lines": 0, "percent_statements_covered": 100.0, "percent_statements_covered_display": "100"}, "missing_lines": [], "excluded_lines": [], "start_line": 22}, "BatchCandidatesRequest": {"executed_lines": [], "summary": {"covered_lines": 0, "num_statements": 0, "percent_covered": 100.0, "percent_covered_display": "100", "missing_lines": 0, "excluded_lines": 0, "percent_statements_covered": 100.0, "percent_statements_covered_display": "100"}, "missing_lines": [], "excluded_lines": [], "start_line": 27}, "": {"executed_lines": [], "summary": {"covered_lines": 0, "num_statements": 77, "percent_covered": 0.0, "percent_covered_display": "0", "missing_lines": 77, "excluded_lines": 0, "percent_statements_covered": 0.0, "percent_statements_covered_display": "0"}, "missing_lines": [3, 4, 6, 7, 8, 9, 11, 12, 13, 15, 16, 22, 23, 24, 27, 28, 34, 36, 37, 38, 39, 42, 43, 54, 55, 57, 58, 60, 65, 66, 67, 68, 73, 75, 76, 78, 81, 82, 84, 85, 88, 89, 91, 92, 95, 96, 97, 98, 99, 100, 102, 103, 104, 105, 106, 107, 109, 116, 117, 119, 120, 121, 122, 123, 124, 126, 133, 134, 136, 138, 139, 145, 146, 147, 148, 150, 152], "excluded_lines": [], "start_line": 1}}}, "api/routes/enrichment.py": {"executed_lines": [], "summary": {"covered_lines": 0, "num_statements": 43, "percent_covered": 0.0, "percent_covered_display": "0", "missing_lines": 43, "excluded_lines": 0, "percent_statements_covered": 0.0, "percent_statements_covered_display": "0"}, "missing_lines": [3, 4, 6, 7, 9, 10, 12, 13, 15, 21, 23, 24, 25, 26, 29, 30, 49, 50, 52, 53, 54, 55, 56, 57, 58, 64, 65, 70, 71, 72, 73, 74, 75, 76, 79, 80, 89, 90, 91, 92, 97, 98, 99], "excluded_lines": [], "functions": {"_validate_uuid": {"executed_lines": [], "summary": {"covered_lines": 0, "num_statements": 4, "percent_covered": 0.0, "percent_covered_display": "0", "missing_lines": 4, "excluded_lines": 0, "percent_statements_covered": 0.0, "percent_statements_covered_display": "0"}, "missing_lines": [23, 24, 25, 26], "excluded_lines": [], "start_line": 21}, "_report_to_dict": {"executed_lines": [], "summary": {"covered_lines": 0, "num_statements": 1, "percent_covered": 0.0, "percent_covered_display": "0", "missing_lines": 1, "excluded_lines": 0, "percent_statements_covered": 0.0, "percent_statements_covered_display": "0"}, "missing_lines": [30], "excluded_lines": [], "start_line": 29}, "_background_enrich": {"executed_lines": [], "summary": {"covered_lines": 0, "num_statements": 8, "percent_covered": 0.0, "percent_covered_display": "0", "missing_lines": 8, "excluded_lines": 0, "percent_statements_covered": 0.0, "percent_statements_covered_display": "0"}, "missing_lines": [50, 52, 53, 54, 55, 56, 57, 58], "excluded_lines": [], "start_line": 49}, "enrich_person": {"executed_lines": [], "summary": {"covered_lines": 0, "num_statements": 7, "percent_covered": 0.0, "percent_covered_display": "0", "missing_lines": 7, "excluded_lines": 0, "percent_statements_covered": 0.0, "percent_statements_covered_display": "0"}, "missing_lines": [70, 71, 72, 73, 74, 75, 76], "excluded_lines": [], "start_line": 65}, "enrich_person_background": {"executed_lines": [], "summary": {"covered_lines": 0, "num_statements": 7, "percent_covered": 0.0, "percent_covered_display": "0", "missing_lines": 7, "excluded_lines": 0, "percent_statements_covered": 0.0, "percent_statements_covered_display": "0"}, "missing_lines": [89, 90, 91, 92, 97, 98, 99], "excluded_lines": [], "start_line": 80}, "": {"executed_lines": [], "summary": {"covered_lines": 0, "num_statements": 16, "percent_covered": 0.0, "percent_covered_display": "0", "missing_lines": 16, "excluded_lines": 0, "percent_statements_covered": 0.0, "percent_statements_covered_display": "0"}, "missing_lines": [3, 4, 6, 7, 9, 10, 12, 13, 15, 21, 29, 49, 64, 65, 79, 80], "excluded_lines": [], "start_line": 1}}, "classes": {"": {"executed_lines": [], "summary": {"covered_lines": 0, "num_statements": 43, "percent_covered": 0.0, "percent_covered_display": "0", "missing_lines": 43, "excluded_lines": 0, "percent_statements_covered": 0.0, "percent_statements_covered_display": "0"}, "missing_lines": [3, 4, 6, 7, 9, 10, 12, 13, 15, 21, 23, 24, 25, 26, 29, 30, 49, 50, 52, 53, 54, 55, 56, 57, 58, 64, 65, 70, 71, 72, 73, 74, 75, 76, 79, 80, 89, 90, 91, 92, 97, 98, 99], "excluded_lines": [], "start_line": 1}}}, "api/routes/export.py": {"executed_lines": [], "summary": {"covered_lines": 0, "num_statements": 42, "percent_covered": 0.0, "percent_covered_display": "0", "missing_lines": 42, "excluded_lines": 0, "percent_statements_covered": 0.0, "percent_statements_covered_display": "0"}, "missing_lines": [3, 4, 5, 6, 7, 9, 10, 11, 12, 14, 15, 16, 17, 19, 20, 23, 24, 25, 26, 27, 28, 29, 32, 35, 53, 54, 61, 62, 63, 64, 65, 66, 69, 72, 73, 74, 75, 76, 77, 78, 79, 80], "excluded_lines": [], "functions": {"export_person_json": {"executed_lines": [], "summary": {"covered_lines": 0, "num_statements": 9, "percent_covered": 0.0, "percent_covered_display": "0", "missing_lines": 9, "excluded_lines": 0, "percent_statements_covered": 0.0, "percent_statements_covered_display": "0"}, "missing_lines": [25, 26, 27, 28, 29, 32, 35, 53, 54], "excluded_lines": [], "start_line": 24}, "export_person_csv": {"executed_lines": [], "summary": {"covered_lines": 0, "num_statements": 14, "percent_covered": 0.0, "percent_covered_display": "0", "missing_lines": 14, "excluded_lines": 0, "percent_statements_covered": 0.0, "percent_statements_covered_display": "0"}, "missing_lines": [63, 64, 65, 66, 69, 72, 73, 74, 75, 76, 77, 78, 79, 80], "excluded_lines": [], "start_line": 62}, "": {"executed_lines": [], "summary": {"covered_lines": 0, "num_statements": 19, "percent_covered": 0.0, "percent_covered_display": "0", "missing_lines": 19, "excluded_lines": 0, "percent_statements_covered": 0.0, "percent_statements_covered_display": "0"}, "missing_lines": [3, 4, 5, 6, 7, 9, 10, 11, 12, 14, 15, 16, 17, 19, 20, 23, 24, 61, 62], "excluded_lines": [], "start_line": 1}}, "classes": {"": {"executed_lines": [], "summary": {"covered_lines": 0, "num_statements": 42, "percent_covered": 0.0, "percent_covered_display": "0", "missing_lines": 42, "excluded_lines": 0, "percent_statements_covered": 0.0, "percent_statements_covered_display": "0"}, "missing_lines": [3, 4, 5, 6, 7, 9, 10, 11, 12, 14, 15, 16, 17, 19, 20, 23, 24, 25, 26, 27, 28, 29, 32, 35, 53, 54, 61, 62, 63, 64, 65, 66, 69, 72, 73, 74, 75, 76, 77, 78, 79, 80], "excluded_lines": [], "start_line": 1}}}, "api/routes/financial.py": {"executed_lines": [], "summary": {"covered_lines": 0, "num_statements": 63, "percent_covered": 0.0, "percent_covered_display": "0", "missing_lines": 63, "excluded_lines": 0, "percent_statements_covered": 0.0, "percent_statements_covered_display": "0"}, "missing_lines": [3, 4, 6, 7, 8, 9, 11, 12, 13, 14, 15, 16, 17, 18, 19, 20, 22, 23, 25, 26, 32, 33, 39, 40, 42, 43, 44, 45, 46, 48, 49, 50, 52, 67, 68, 70, 71, 72, 73, 75, 88, 89, 91, 94, 95, 97, 98, 99, 100, 102, 112, 129, 130, 132, 133, 134, 135, 137, 143, 147, 153, 166, 168], "excluded_lines": [], "functions": {"score_person": {"executed_lines": [], "summary": {"covered_lines": 0, "num_statements": 9, "percent_covered": 0.0, "percent_covered_display": "0", "missing_lines": 9, "excluded_lines": 0, "percent_statements_covered": 0.0, "percent_statements_covered_display": "0"}, "missing_lines": [42, 43, 44, 45, 46, 48, 49, 50, 52], "excluded_lines": [], "start_line": 40}, "get_latest_assessment": {"executed_lines": [], "summary": {"covered_lines": 0, "num_statements": 8, "percent_covered": 0.0, "percent_covered_display": "0", "missing_lines": 8, "excluded_lines": 0, "percent_statements_covered": 0.0, "percent_statements_covered_display": "0"}, "missing_lines": [70, 71, 72, 73, 75, 88, 89, 91], "excluded_lines": [], "start_line": 68}, "get_aml_matches": {"executed_lines": [], "summary": {"covered_lines": 0, "num_statements": 6, "percent_covered": 0.0, "percent_covered_display": "0", "missing_lines": 6, "excluded_lines": 0, "percent_statements_covered": 0.0, "percent_statements_covered_display": "0"}, "missing_lines": [97, 98, 99, 100, 102, 112], "excluded_lines": [], "start_line": 95}, "borrower_score": {"executed_lines": [], "summary": {"covered_lines": 0, "num_statements": 10, "percent_covered": 0.0, "percent_covered_display": "0", "missing_lines": 10, "excluded_lines": 0, "percent_statements_covered": 0.0, "percent_statements_covered_display": "0"}, "missing_lines": [132, 133, 134, 135, 137, 143, 147, 153, 166, 168], "excluded_lines": [], "start_line": 130}, "": {"executed_lines": [], "summary": {"covered_lines": 0, "num_statements": 30, "percent_covered": 0.0, "percent_covered_display": "0", "missing_lines": 30, "excluded_lines": 0, "percent_statements_covered": 0.0, "percent_statements_covered_display": "0"}, "missing_lines": [3, 4, 6, 7, 8, 9, 11, 12, 13, 14, 15, 16, 17, 18, 19, 20, 22, 23, 25, 26, 32, 33, 39, 40, 67, 68, 94, 95, 129, 130], "excluded_lines": [], "start_line": 1}}, "classes": {"BorrowerScoreRequest": {"executed_lines": [], "summary": {"covered_lines": 0, "num_statements": 0, "percent_covered": 100.0, "percent_covered_display": "100", "missing_lines": 0, "excluded_lines": 0, "percent_statements_covered": 100.0, "percent_statements_covered_display": "100"}, "missing_lines": [], "excluded_lines": [], "start_line": 32}, "": {"executed_lines": [], "summary": {"covered_lines": 0, "num_statements": 63, "percent_covered": 0.0, "percent_covered_display": "0", "missing_lines": 63, "excluded_lines": 0, "percent_statements_covered": 0.0, "percent_statements_covered_display": "0"}, "missing_lines": [3, 4, 6, 7, 8, 9, 11, 12, 13, 14, 15, 16, 17, 18, 19, 20, 22, 23, 25, 26, 32, 33, 39, 40, 42, 43, 44, 45, 46, 48, 49, 50, 52, 67, 68, 70, 71, 72, 73, 75, 88, 89, 91, 94, 95, 97, 98, 99, 100, 102, 112, 129, 130, 132, 133, 134, 135, 137, 143, 147, 153, 166, 168], "excluded_lines": [], "start_line": 1}}}, "api/routes/graph.py": {"executed_lines": [], "summary": {"covered_lines": 0, "num_statements": 62, "percent_covered": 0.0, "percent_covered_display": "0", "missing_lines": 62, "excluded_lines": 0, "percent_statements_covered": 0.0, "percent_statements_covered_display": "0"}, "missing_lines": [3, 5, 6, 7, 9, 10, 11, 12, 14, 15, 17, 18, 24, 25, 28, 29, 35, 36, 42, 43, 49, 50, 55, 56, 63, 64, 70, 71, 72, 73, 74, 75, 76, 78, 86, 87, 89, 90, 91, 92, 93, 94, 95, 97, 103, 104, 106, 107, 110, 111, 112, 114, 120, 121, 123, 124, 126, 127, 128, 129, 130, 132], "excluded_lines": [], "functions": {"search_company": {"executed_lines": [], "summary": {"covered_lines": 0, "num_statements": 2, "percent_covered": 0.0, "percent_covered_display": "0", "missing_lines": 2, "excluded_lines": 0, "percent_statements_covered": 0.0, "percent_statements_covered_display": "0"}, "missing_lines": [42, 43], "excluded_lines": [], "start_line": 36}, "company_network": {"executed_lines": [], "summary": {"covered_lines": 0, "num_statements": 2, "percent_covered": 0.0, "percent_covered_display": "0", "missing_lines": 2, "excluded_lines": 0, "percent_statements_covered": 0.0, "percent_statements_covered_display": "0"}, "missing_lines": [55, 56], "excluded_lines": [], "start_line": 50}, "person_network": {"executed_lines": [], "summary": {"covered_lines": 0, "num_statements": 8, "percent_covered": 0.0, "percent_covered_display": "0", "missing_lines": 8, "excluded_lines": 0, "percent_statements_covered": 0.0, "percent_statements_covered_display": "0"}, "missing_lines": [70, 71, 72, 73, 74, 75, 76, 78], "excluded_lines": [], "start_line": 64}, "person_companies": {"executed_lines": [], "summary": {"covered_lines": 0, "num_statements": 8, "percent_covered": 0.0, "percent_covered_display": "0", "missing_lines": 8, "excluded_lines": 0, "percent_statements_covered": 0.0, "percent_statements_covered_display": "0"}, "missing_lines": [89, 90, 91, 92, 93, 94, 95, 97], "excluded_lines": [], "start_line": 87}, "detect_fraud_rings": {"executed_lines": [], "summary": {"covered_lines": 0, "num_statements": 6, "percent_covered": 0.0, "percent_covered_display": "0", "missing_lines": 6, "excluded_lines": 0, "percent_statements_covered": 0.0, "percent_statements_covered_display": "0"}, "missing_lines": [106, 107, 110, 111, 112, 114], "excluded_lines": [], "start_line": 104}, "shared_connections": {"executed_lines": [], "summary": {"covered_lines": 0, "num_statements": 8, "percent_covered": 0.0, "percent_covered_display": "0", "missing_lines": 8, "excluded_lines": 0, "percent_statements_covered": 0.0, "percent_statements_covered_display": "0"}, "missing_lines": [123, 124, 126, 127, 128, 129, 130, 132], "excluded_lines": [], "start_line": 121}, "": {"executed_lines": [], "summary": {"covered_lines": 0, "num_statements": 28, "percent_covered": 0.0, "percent_covered_display": "0", "missing_lines": 28, "excluded_lines": 0, "percent_statements_covered": 0.0, "percent_statements_covered_display": "0"}, "missing_lines": [3, 5, 6, 7, 9, 10, 11, 12, 14, 15, 17, 18, 24, 25, 28, 29, 35, 36, 49, 50, 63, 64, 86, 87, 103, 104, 120, 121], "excluded_lines": [], "start_line": 1}}, "classes": {"FraudRingsRequest": {"executed_lines": [], "summary": {"covered_lines": 0, "num_statements": 0, "percent_covered": 100.0, "percent_covered_display": "100", "missing_lines": 0, "excluded_lines": 0, "percent_statements_covered": 100.0, "percent_statements_covered_display": "100"}, "missing_lines": [], "excluded_lines": [], "start_line": 24}, "SharedConnectionsRequest": {"executed_lines": [], "summary": {"covered_lines": 0, "num_statements": 0, "percent_covered": 100.0, "percent_covered_display": "100", "missing_lines": 0, "excluded_lines": 0, "percent_statements_covered": 100.0, "percent_statements_covered_display": "100"}, "missing_lines": [], "excluded_lines": [], "start_line": 28}, "": {"executed_lines": [], "summary": {"covered_lines": 0, "num_statements": 62, "percent_covered": 0.0, "percent_covered_display": "0", "missing_lines": 62, "excluded_lines": 0, "percent_statements_covered": 0.0, "percent_statements_covered_display": "0"}, "missing_lines": [3, 5, 6, 7, 9, 10, 11, 12, 14, 15, 17, 18, 24, 25, 28, 29, 35, 36, 42, 43, 49, 50, 55, 56, 63, 64, 70, 71, 72, 73, 74, 75, 76, 78, 86, 87, 89, 90, 91, 92, 93, 94, 95, 97, 103, 104, 106, 107, 110, 111, 112, 114, 120, 121, 123, 124, 126, 127, 128, 129, 130, 132], "excluded_lines": [], "start_line": 1}}}, "api/routes/marketing.py": {"executed_lines": [], "summary": {"covered_lines": 0, "num_statements": 57, "percent_covered": 0.0, "percent_covered_display": "0", "missing_lines": 57, "excluded_lines": 0, "percent_statements_covered": 0.0, "percent_statements_covered_display": "0"}, "missing_lines": [3, 4, 6, 7, 8, 10, 11, 12, 13, 14, 16, 17, 19, 25, 26, 28, 29, 30, 31, 33, 34, 35, 36, 37, 40, 41, 54, 55, 56, 57, 59, 69, 70, 71, 72, 73, 75, 90, 91, 93, 94, 95, 96, 98, 104, 110, 111, 118, 130, 144, 145, 147, 148, 149, 150, 152, 165], "excluded_lines": [], "functions": {"tag_person": {"executed_lines": [], "summary": {"covered_lines": 0, "num_statements": 22, "percent_covered": 0.0, "percent_covered_display": "0", "missing_lines": 22, "excluded_lines": 0, "percent_statements_covered": 0.0, "percent_statements_covered_display": "0"}, "missing_lines": [28, 29, 30, 31, 33, 34, 35, 36, 37, 40, 41, 54, 55, 56, 57, 59, 69, 70, 71, 72, 73, 75], "excluded_lines": [], "start_line": 26}, "get_tags": {"executed_lines": [], "summary": {"covered_lines": 0, "num_statements": 6, "percent_covered": 0.0, "percent_covered_display": "0", "missing_lines": 6, "excluded_lines": 0, "percent_statements_covered": 0.0, "percent_statements_covered_display": "0"}, "missing_lines": [93, 94, 95, 96, 98, 104], "excluded_lines": [], "start_line": 91}, "get_persons_by_tag": {"executed_lines": [], "summary": {"covered_lines": 0, "num_statements": 2, "percent_covered": 0.0, "percent_covered_display": "0", "missing_lines": 2, "excluded_lines": 0, "percent_statements_covered": 0.0, "percent_statements_covered_display": "0"}, "missing_lines": [118, 130], "excluded_lines": [], "start_line": 111}, "get_borrower_profile": {"executed_lines": [], "summary": {"covered_lines": 0, "num_statements": 6, "percent_covered": 0.0, "percent_covered_display": "0", "missing_lines": 6, "excluded_lines": 0, "percent_statements_covered": 0.0, "percent_statements_covered_display": "0"}, "missing_lines": [147, 148, 149, 150, 152, 165], "excluded_lines": [], "start_line": 145}, "": {"executed_lines": [], "summary": {"covered_lines": 0, "num_statements": 21, "percent_covered": 0.0, "percent_covered_display": "0", "missing_lines": 21, "excluded_lines": 0, "percent_statements_covered": 0.0, "percent_statements_covered_display": "0"}, "missing_lines": [3, 4, 6, 7, 8, 10, 11, 12, 13, 14, 16, 17, 19, 25, 26, 90, 91, 110, 111, 144, 145], "excluded_lines": [], "start_line": 1}}, "classes": {"": {"executed_lines": [], "summary": {"covered_lines": 0, "num_statements": 57, "percent_covered": 0.0, "percent_covered_display": "0", "missing_lines": 57, "excluded_lines": 0, "percent_statements_covered": 0.0, "percent_statements_covered_display": "0"}, "missing_lines": [3, 4, 6, 7, 8, 10, 11, 12, 13, 14, 16, 17, 19, 25, 26, 28, 29, 30, 31, 33, 34, 35, 36, 37, 40, 41, 54, 55, 56, 57, 59, 69, 70, 71, 72, 73, 75, 90, 91, 93, 94, 95, 96, 98, 104, 110, 111, 118, 130, 144, 145, 147, 148, 149, 150, 152, 165], "excluded_lines": [], "start_line": 1}}}, "api/routes/patterns.py": {"executed_lines": [], "summary": {"covered_lines": 0, "num_statements": 75, "percent_covered": 0.0, "percent_covered_display": "0", "missing_lines": 75, "excluded_lines": 0, "percent_statements_covered": 0.0, "percent_statements_covered_display": "0"}, "missing_lines": [3, 4, 6, 7, 8, 10, 11, 12, 13, 15, 16, 18, 19, 22, 23, 26, 35, 36, 39, 40, 42, 44, 46, 47, 48, 49, 51, 52, 59, 72, 73, 95, 96, 102, 103, 104, 105, 107, 108, 109, 110, 111, 113, 116, 117, 123, 124, 125, 126, 127, 129, 132, 133, 139, 140, 141, 142, 143, 145, 148, 149, 154, 155, 156, 157, 158, 160, 163, 164, 170, 171, 172, 173, 174, 176], "excluded_lines": [], "functions": {"detect_anomalies": {"executed_lines": [], "summary": {"covered_lines": 0, "num_statements": 11, "percent_covered": 0.0, "percent_covered_display": "0", "missing_lines": 11, "excluded_lines": 0, "percent_statements_covered": 0.0, "percent_statements_covered_display": "0"}, "missing_lines": [42, 44, 46, 47, 48, 49, 51, 52, 59, 72, 73], "excluded_lines": [], "start_line": 40}, "change_velocity": {"executed_lines": [], "summary": {"covered_lines": 0, "num_statements": 10, "percent_covered": 0.0, "percent_covered_display": "0", "missing_lines": 10, "excluded_lines": 0, "percent_statements_covered": 0.0, "percent_statements_covered_display": "0"}, "missing_lines": [102, 103, 104, 105, 107, 108, 109, 110, 111, 113], "excluded_lines": [], "start_line": 96}, "address_patterns": {"executed_lines": [], "summary": {"covered_lines": 0, "num_statements": 6, "percent_covered": 0.0, "percent_covered_display": "0", "missing_lines": 6, "excluded_lines": 0, "percent_statements_covered": 0.0, "percent_statements_covered_display": "0"}, "missing_lines": [123, 124, 125, 126, 127, 129], "excluded_lines": [], "start_line": 117}, "identifier_churn": {"executed_lines": [], "summary": {"covered_lines": 0, "num_statements": 6, "percent_covered": 0.0, "percent_covered_display": "0", "missing_lines": 6, "excluded_lines": 0, "percent_statements_covered": 0.0, "percent_statements_covered_display": "0"}, "missing_lines": [139, 140, 141, 142, 143, 145], "excluded_lines": [], "start_line": 133}, "co_occurring_flags": {"executed_lines": [], "summary": {"covered_lines": 0, "num_statements": 6, "percent_covered": 0.0, "percent_covered_display": "0", "missing_lines": 6, "excluded_lines": 0, "percent_statements_covered": 0.0, "percent_statements_covered_display": "0"}, "missing_lines": [154, 155, 156, 157, 158, 160], "excluded_lines": [], "start_line": 149}, "network_anomalies": {"executed_lines": [], "summary": {"covered_lines": 0, "num_statements": 6, "percent_covered": 0.0, "percent_covered_display": "0", "missing_lines": 6, "excluded_lines": 0, "percent_statements_covered": 0.0, "percent_statements_covered_display": "0"}, "missing_lines": [170, 171, 172, 173, 174, 176], "excluded_lines": [], "start_line": 164}, "": {"executed_lines": [], "summary": {"covered_lines": 0, "num_statements": 30, "percent_covered": 0.0, "percent_covered_display": "0", "missing_lines": 30, "excluded_lines": 0, "percent_statements_covered": 0.0, "percent_statements_covered_display": "0"}, "missing_lines": [3, 4, 6, 7, 8, 10, 11, 12, 13, 15, 16, 18, 19, 22, 23, 26, 35, 36, 39, 40, 95, 96, 116, 117, 132, 133, 148, 149, 163, 164], "excluded_lines": [], "start_line": 1}}, "classes": {"AnomalyDetectRequest": {"executed_lines": [], "summary": {"covered_lines": 0, "num_statements": 0, "percent_covered": 100.0, "percent_covered_display": "100", "missing_lines": 0, "excluded_lines": 0, "percent_statements_covered": 100.0, "percent_statements_covered_display": "100"}, "missing_lines": [], "excluded_lines": [], "start_line": 22}, "": {"executed_lines": [], "summary": {"covered_lines": 0, "num_statements": 75, "percent_covered": 0.0, "percent_covered_display": "0", "missing_lines": 75, "excluded_lines": 0, "percent_statements_covered": 0.0, "percent_statements_covered_display": "0"}, "missing_lines": [3, 4, 6, 7, 8, 10, 11, 12, 13, 15, 16, 18, 19, 22, 23, 26, 35, 36, 39, 40, 42, 44, 46, 47, 48, 49, 51, 52, 59, 72, 73, 95, 96, 102, 103, 104, 105, 107, 108, 109, 110, 111, 113, 116, 117, 123, 124, 125, 126, 127, 129, 132, 133, 139, 140, 141, 142, 143, 145, 148, 149, 154, 155, 156, 157, 158, 160, 163, 164, 170, 171, 172, 173, 174, 176], "excluded_lines": [], "start_line": 1}}}, "api/routes/persons.py": {"executed_lines": [], "summary": {"covered_lines": 0, "num_statements": 290, "percent_covered": 0.0, "percent_covered_display": "0", "missing_lines": 290, "excluded_lines": 0, "percent_statements_covered": 0.0, "percent_statements_covered_display": "0"}, "missing_lines": [5, 6, 7, 9, 10, 11, 12, 14, 15, 16, 17, 18, 19, 20, 21, 23, 28, 30, 31, 32, 33, 34, 35, 36, 37, 38, 40, 41, 44, 45, 48, 72, 88, 89, 106, 107, 109, 112, 113, 120, 121, 122, 128, 129, 132, 133, 134, 135, 136, 137, 138, 139, 140, 143, 144, 147, 148, 151, 152, 153, 158, 159, 160, 162, 164, 177, 178, 179, 180, 182, 187, 192, 196, 249, 250, 251, 252, 253, 258, 261, 262, 263, 264, 265, 270, 273, 274, 275, 276, 277, 286, 289, 290, 291, 292, 294, 299, 305, 307, 316, 324, 325, 338, 339, 341, 342, 344, 345, 346, 347, 348, 349, 350, 351, 353, 354, 355, 356, 357, 358, 361, 362, 363, 364, 365, 366, 367, 368, 369, 370, 371, 372, 373, 375, 376, 377, 380, 382, 383, 384, 385, 388, 389, 390, 391, 396, 446, 447, 448, 449, 451, 460, 461, 462, 464, 465, 468, 469, 470, 472, 473, 475, 476, 477, 478, 480, 481, 482, 488, 489, 498, 500, 502, 512, 513, 514, 516, 526, 529, 530, 533, 535, 552, 553, 554, 557, 558, 563, 564, 566, 567, 569, 570, 572, 573, 574, 575, 576, 577, 578, 581, 599, 600, 601, 604, 606, 609, 610, 611, 612, 613, 616, 617, 620, 621, 623, 624, 625, 627, 638, 639, 640, 641, 642, 643, 646, 647, 655, 656, 657, 658, 660, 661, 664, 665, 666, 667, 668, 669, 672, 696, 700, 702, 703, 707, 708, 716, 717, 718, 725, 727, 729, 742, 743, 745, 746, 747, 758, 771, 772, 774, 775, 776, 787, 797, 798, 800, 801, 802, 813, 826, 827, 833, 834, 836, 837, 838, 839, 841, 842, 855, 856, 857, 858, 859, 862, 863, 864, 865, 866], "excluded_lines": [], "functions": {"_model_to_dict": {"executed_lines": [], "summary": {"covered_lines": 0, "num_statements": 11, "percent_covered": 0.0, "percent_covered_display": "0", "missing_lines": 11, "excluded_lines": 0, "percent_statements_covered": 0.0, "percent_statements_covered_display": "0"}, "missing_lines": [30, 31, 32, 33, 34, 35, 36, 37, 38, 40, 41], "excluded_lines": [], "start_line": 28}, "_person_summary": {"executed_lines": [], "summary": {"covered_lines": 0, "num_statements": 2, "percent_covered": 0.0, "percent_covered_display": "0", "missing_lines": 2, "excluded_lines": 0, "percent_statements_covered": 0.0, "percent_statements_covered_display": "0"}, "missing_lines": [45, 48], "excluded_lines": [], "start_line": 44}, "list_persons": {"executed_lines": [], "summary": {"covered_lines": 0, "num_statements": 31, "percent_covered": 0.0, "percent_covered_display": "0", "missing_lines": 31, "excluded_lines": 0, "percent_statements_covered": 0.0, "percent_statements_covered_display": "0"}, "missing_lines": [106, 107, 109, 112, 113, 120, 121, 122, 128, 129, 132, 133, 134, 135, 136, 137, 138, 139, 140, 143, 144, 147, 148, 151, 152, 153, 158, 159, 160, 162, 164], "excluded_lines": [], "start_line": 89}, "get_person": {"executed_lines": [], "summary": {"covered_lines": 0, "num_statements": 6, "percent_covered": 0.0, "percent_covered_display": "0", "missing_lines": 6, "excluded_lines": 0, "percent_statements_covered": 0.0, "percent_statements_covered_display": "0"}, "missing_lines": [179, 180, 182, 187, 192, 196], "excluded_lines": [], "start_line": 178}, "get_identifiers": {"executed_lines": [], "summary": {"covered_lines": 0, "num_statements": 4, "percent_covered": 0.0, "percent_covered_display": "0", "missing_lines": 4, "excluded_lines": 0, "percent_statements_covered": 0.0, "percent_statements_covered_display": "0"}, "missing_lines": [251, 252, 253, 258], "excluded_lines": [], "start_line": 250}, "get_social_profiles": {"executed_lines": [], "summary": {"covered_lines": 0, "num_statements": 4, "percent_covered": 0.0, "percent_covered_display": "0", "missing_lines": 4, "excluded_lines": 0, "percent_statements_covered": 0.0, "percent_statements_covered_display": "0"}, "missing_lines": [263, 264, 265, 270], "excluded_lines": [], "start_line": 262}, "get_addresses": {"executed_lines": [], "summary": {"covered_lines": 0, "num_statements": 4, "percent_covered": 0.0, "percent_covered_display": "0", "missing_lines": 4, "excluded_lines": 0, "percent_statements_covered": 0.0, "percent_statements_covered_display": "0"}, "missing_lines": [275, 276, 277, 286], "excluded_lines": [], "start_line": 274}, "get_certificate": {"executed_lines": [], "summary": {"covered_lines": 0, "num_statements": 9, "percent_covered": 0.0, "percent_covered_display": "0", "missing_lines": 9, "excluded_lines": 0, "percent_statements_covered": 0.0, "percent_statements_covered_display": "0"}, "missing_lines": [291, 292, 294, 299, 305, 307, 316, 324, 325], "excluded_lines": [], "start_line": 290}, "get_report": {"executed_lines": [], "summary": {"covered_lines": 0, "num_statements": 37, "percent_covered": 0.0, "percent_covered_display": "0", "missing_lines": 37, "excluded_lines": 0, "percent_statements_covered": 0.0, "percent_statements_covered_display": "0"}, "missing_lines": [341, 342, 344, 345, 346, 347, 348, 349, 350, 351, 353, 361, 362, 363, 364, 365, 366, 367, 368, 369, 370, 371, 372, 373, 375, 376, 377, 380, 382, 383, 384, 385, 388, 389, 390, 391, 396], "excluded_lines": [], "start_line": 339}, "get_report._fetch": {"executed_lines": [], "summary": {"covered_lines": 0, "num_statements": 5, "percent_covered": 0.0, "percent_covered_display": "0", "missing_lines": 5, "excluded_lines": 0, "percent_statements_covered": 0.0, "percent_statements_covered_display": "0"}, "missing_lines": [354, 355, 356, 357, 358], "excluded_lines": [], "start_line": 353}, "update_person": {"executed_lines": [], "summary": {"covered_lines": 0, "num_statements": 8, "percent_covered": 0.0, "percent_covered_display": "0", "missing_lines": 8, "excluded_lines": 0, "percent_statements_covered": 0.0, "percent_statements_covered_display": "0"}, "missing_lines": [448, 449, 451, 460, 461, 462, 464, 465], "excluded_lines": [], "start_line": 447}, "delete_person": {"executed_lines": [], "summary": {"covered_lines": 0, "num_statements": 10, "percent_covered": 0.0, "percent_covered_display": "0", "missing_lines": 10, "excluded_lines": 0, "percent_statements_covered": 0.0, "percent_statements_covered_display": "0"}, "missing_lines": [470, 472, 473, 475, 476, 477, 478, 480, 481, 482], "excluded_lines": [], "start_line": 469}, "scan_duplicates": {"executed_lines": [], "summary": {"covered_lines": 0, "num_statements": 12, "percent_covered": 0.0, "percent_covered_display": "0", "missing_lines": 12, "excluded_lines": 0, "percent_statements_covered": 0.0, "percent_statements_covered_display": "0"}, "missing_lines": [498, 500, 502, 512, 513, 514, 516, 526, 529, 530, 533, 535], "excluded_lines": [], "start_line": 489}, "merge_persons": {"executed_lines": [], "summary": {"covered_lines": 0, "num_statements": 32, "percent_covered": 0.0, "percent_covered_display": "0", "missing_lines": 32, "excluded_lines": 0, "percent_statements_covered": 0.0, "percent_statements_covered_display": "0"}, "missing_lines": [563, 564, 566, 567, 569, 570, 572, 573, 574, 575, 576, 577, 578, 581, 599, 600, 601, 604, 606, 609, 610, 611, 612, 613, 616, 617, 620, 621, 623, 624, 625, 627], "excluded_lines": [], "start_line": 558}, "grow_region": {"executed_lines": [], "summary": {"covered_lines": 0, "num_statements": 25, "percent_covered": 0.0, "percent_covered_display": "0", "missing_lines": 25, "excluded_lines": 0, "percent_statements_covered": 0.0, "percent_statements_covered_display": "0"}, "missing_lines": [655, 656, 657, 658, 660, 661, 664, 665, 666, 667, 668, 669, 672, 696, 700, 702, 703, 707, 708, 716, 717, 718, 725, 727, 729], "excluded_lines": [], "start_line": 647}, "get_criminal_records": {"executed_lines": [], "summary": {"covered_lines": 0, "num_statements": 4, "percent_covered": 0.0, "percent_covered_display": "0", "missing_lines": 4, "excluded_lines": 0, "percent_statements_covered": 0.0, "percent_statements_covered_display": "0"}, "missing_lines": [745, 746, 747, 758], "excluded_lines": [], "start_line": 743}, "get_identity_documents": {"executed_lines": [], "summary": {"covered_lines": 0, "num_statements": 4, "percent_covered": 0.0, "percent_covered_display": "0", "missing_lines": 4, "excluded_lines": 0, "percent_statements_covered": 0.0, "percent_statements_covered_display": "0"}, "missing_lines": [774, 775, 776, 787], "excluded_lines": [], "start_line": 772}, "get_credit_profile": {"executed_lines": [], "summary": {"covered_lines": 0, "num_statements": 4, "percent_covered": 0.0, "percent_covered_display": "0", "missing_lines": 4, "excluded_lines": 0, "percent_statements_covered": 0.0, "percent_statements_covered_display": "0"}, "missing_lines": [800, 801, 802, 813], "excluded_lines": [], "start_line": 798}, "get_identifier_history": {"executed_lines": [], "summary": {"covered_lines": 0, "num_statements": 8, "percent_covered": 0.0, "percent_covered_display": "0", "missing_lines": 8, "excluded_lines": 0, "percent_statements_covered": 0.0, "percent_statements_covered_display": "0"}, "missing_lines": [833, 834, 836, 837, 838, 839, 841, 842], "excluded_lines": [], "start_line": 827}, "_parse_uuid": {"executed_lines": [], "summary": {"covered_lines": 0, "num_statements": 4, "percent_covered": 0.0, "percent_covered_display": "0", "missing_lines": 4, "excluded_lines": 0, "percent_statements_covered": 0.0, "percent_statements_covered_display": "0"}, "missing_lines": [856, 857, 858, 859], "excluded_lines": [], "start_line": 855}, "_require_person": {"executed_lines": [], "summary": {"covered_lines": 0, "num_statements": 4, "percent_covered": 0.0, "percent_covered_display": "0", "missing_lines": 4, "excluded_lines": 0, "percent_statements_covered": 0.0, "percent_statements_covered_display": "0"}, "missing_lines": [863, 864, 865, 866], "excluded_lines": [], "start_line": 862}, "": {"executed_lines": [], "summary": {"covered_lines": 0, "num_statements": 62, "percent_covered": 0.0, "percent_covered_display": "0", "missing_lines": 62, "excluded_lines": 0, "percent_statements_covered": 0.0, "percent_statements_covered_display": "0"}, "missing_lines": [5, 6, 7, 9, 10, 11, 12, 14, 15, 16, 17, 18, 19, 20, 21, 23, 28, 44, 72, 88, 89, 177, 178, 249, 250, 261, 262, 273, 274, 289, 290, 338, 339, 446, 447, 468, 469, 488, 489, 552, 553, 554, 557, 558, 638, 639, 640, 641, 642, 643, 646, 647, 742, 743, 771, 772, 797, 798, 826, 827, 855, 862], "excluded_lines": [], "start_line": 1}}, "classes": {"MergeRequest": {"executed_lines": [], "summary": {"covered_lines": 0, "num_statements": 0, "percent_covered": 100.0, "percent_covered_display": "100", "missing_lines": 0, "excluded_lines": 0, "percent_statements_covered": 100.0, "percent_statements_covered_display": "100"}, "missing_lines": [], "excluded_lines": [], "start_line": 552}, "RegionGrowRequest": {"executed_lines": [], "summary": {"covered_lines": 0, "num_statements": 0, "percent_covered": 100.0, "percent_covered_display": "100", "missing_lines": 0, "excluded_lines": 0, "percent_statements_covered": 100.0, "percent_statements_covered_display": "100"}, "missing_lines": [], "excluded_lines": [], "start_line": 638}, "": {"executed_lines": [], "summary": {"covered_lines": 0, "num_statements": 290, "percent_covered": 0.0, "percent_covered_display": "0", "missing_lines": 290, "excluded_lines": 0, "percent_statements_covered": 0.0, "percent_statements_covered_display": "0"}, "missing_lines": [5, 6, 7, 9, 10, 11, 12, 14, 15, 16, 17, 18, 19, 20, 21, 23, 28, 30, 31, 32, 33, 34, 35, 36, 37, 38, 40, 41, 44, 45, 48, 72, 88, 89, 106, 107, 109, 112, 113, 120, 121, 122, 128, 129, 132, 133, 134, 135, 136, 137, 138, 139, 140, 143, 144, 147, 148, 151, 152, 153, 158, 159, 160, 162, 164, 177, 178, 179, 180, 182, 187, 192, 196, 249, 250, 251, 252, 253, 258, 261, 262, 263, 264, 265, 270, 273, 274, 275, 276, 277, 286, 289, 290, 291, 292, 294, 299, 305, 307, 316, 324, 325, 338, 339, 341, 342, 344, 345, 346, 347, 348, 349, 350, 351, 353, 354, 355, 356, 357, 358, 361, 362, 363, 364, 365, 366, 367, 368, 369, 370, 371, 372, 373, 375, 376, 377, 380, 382, 383, 384, 385, 388, 389, 390, 391, 396, 446, 447, 448, 449, 451, 460, 461, 462, 464, 465, 468, 469, 470, 472, 473, 475, 476, 477, 478, 480, 481, 482, 488, 489, 498, 500, 502, 512, 513, 514, 516, 526, 529, 530, 533, 535, 552, 553, 554, 557, 558, 563, 564, 566, 567, 569, 570, 572, 573, 574, 575, 576, 577, 578, 581, 599, 600, 601, 604, 606, 609, 610, 611, 612, 613, 616, 617, 620, 621, 623, 624, 625, 627, 638, 639, 640, 641, 642, 643, 646, 647, 655, 656, 657, 658, 660, 661, 664, 665, 666, 667, 668, 669, 672, 696, 700, 702, 703, 707, 708, 716, 717, 718, 725, 727, 729, 742, 743, 745, 746, 747, 758, 771, 772, 774, 775, 776, 787, 797, 798, 800, 801, 802, 813, 826, 827, 833, 834, 836, 837, 838, 839, 841, 842, 855, 856, 857, 858, 859, 862, 863, 864, 865, 866], "excluded_lines": [], "start_line": 1}}}, "api/routes/search.py": {"executed_lines": [], "summary": {"covered_lines": 0, "num_statements": 90, "percent_covered": 0.0, "percent_covered_display": "0", "missing_lines": 90, "excluded_lines": 0, "percent_statements_covered": 0.0, "percent_statements_covered_display": "0"}, "missing_lines": [1, 2, 4, 5, 6, 7, 9, 10, 11, 12, 13, 14, 16, 19, 160, 161, 163, 164, 166, 167, 170, 171, 174, 177, 180, 181, 184, 187, 190, 194, 197, 198, 200, 206, 207, 208, 209, 210, 211, 214, 215, 216, 217, 218, 219, 222, 223, 226, 227, 228, 234, 235, 236, 239, 240, 245, 247, 248, 251, 255, 256, 257, 259, 261, 271, 273, 275, 278, 279, 281, 282, 283, 284, 285, 293, 294, 296, 303, 305, 307, 319, 320, 322, 325, 326, 328, 329, 330, 331, 333], "excluded_lines": [], "functions": {"_auto_detect_type": {"executed_lines": [], "summary": {"covered_lines": 0, "num_statements": 18, "percent_covered": 0.0, "percent_covered_display": "0", "missing_lines": 18, "excluded_lines": 0, "percent_statements_covered": 0.0, "percent_statements_covered_display": "0"}, "missing_lines": [161, 163, 164, 166, 167, 170, 171, 174, 177, 180, 181, 184, 187, 190, 194, 197, 198, 200], "excluded_lines": [], "start_line": 160}, "_process_single": {"executed_lines": [], "summary": {"covered_lines": 0, "num_statements": 29, "percent_covered": 0.0, "percent_covered_display": "0", "missing_lines": 29, "excluded_lines": 0, "percent_statements_covered": 0.0, "percent_statements_covered_display": "0"}, "missing_lines": [235, 236, 239, 240, 245, 247, 248, 251, 255, 256, 257, 259, 261, 271, 273, 275, 278, 279, 281, 282, 283, 284, 285, 293, 294, 296, 303, 305, 307], "excluded_lines": [], "start_line": 234}, "search": {"executed_lines": [], "summary": {"covered_lines": 0, "num_statements": 1, "percent_covered": 0.0, "percent_covered_display": "0", "missing_lines": 1, "excluded_lines": 0, "percent_statements_covered": 0.0, "percent_statements_covered_display": "0"}, "missing_lines": [322], "excluded_lines": [], "start_line": 320}, "search_batch": {"executed_lines": [], "summary": {"covered_lines": 0, "num_statements": 5, "percent_covered": 0.0, "percent_covered_display": "0", "missing_lines": 5, "excluded_lines": 0, "percent_statements_covered": 0.0, "percent_statements_covered_display": "0"}, "missing_lines": [328, 329, 330, 331, 333], "excluded_lines": [], "start_line": 326}, "": {"executed_lines": [], "summary": {"covered_lines": 0, "num_statements": 37, "percent_covered": 0.0, "percent_covered_display": "0", "missing_lines": 37, "excluded_lines": 0, "percent_statements_covered": 0.0, "percent_statements_covered_display": "0"}, "missing_lines": [1, 2, 4, 5, 6, 7, 9, 10, 11, 12, 13, 14, 16, 19, 160, 206, 207, 208, 209, 210, 211, 214, 215, 216, 217, 218, 219, 222, 223, 226, 227, 228, 234, 319, 320, 325, 326], "excluded_lines": [], "start_line": 1}}, "classes": {"SearchRequest": {"executed_lines": [], "summary": {"covered_lines": 0, "num_statements": 0, "percent_covered": 100.0, "percent_covered_display": "100", "missing_lines": 0, "excluded_lines": 0, "percent_statements_covered": 100.0, "percent_statements_covered_display": "100"}, "missing_lines": [], "excluded_lines": [], "start_line": 206}, "SearchResponse": {"executed_lines": [], "summary": {"covered_lines": 0, "num_statements": 0, "percent_covered": 100.0, "percent_covered_display": "100", "missing_lines": 0, "excluded_lines": 0, "percent_statements_covered": 100.0, "percent_statements_covered_display": "100"}, "missing_lines": [], "excluded_lines": [], "start_line": 214}, "BatchSearchRequest": {"executed_lines": [], "summary": {"covered_lines": 0, "num_statements": 0, "percent_covered": 100.0, "percent_covered_display": "100", "missing_lines": 0, "excluded_lines": 0, "percent_statements_covered": 100.0, "percent_statements_covered_display": "100"}, "missing_lines": [], "excluded_lines": [], "start_line": 222}, "BatchSearchResponse": {"executed_lines": [], "summary": {"covered_lines": 0, "num_statements": 0, "percent_covered": 100.0, "percent_covered_display": "100", "missing_lines": 0, "excluded_lines": 0, "percent_statements_covered": 100.0, "percent_statements_covered_display": "100"}, "missing_lines": [], "excluded_lines": [], "start_line": 226}, "": {"executed_lines": [], "summary": {"covered_lines": 0, "num_statements": 90, "percent_covered": 0.0, "percent_covered_display": "0", "missing_lines": 90, "excluded_lines": 0, "percent_statements_covered": 0.0, "percent_statements_covered_display": "0"}, "missing_lines": [1, 2, 4, 5, 6, 7, 9, 10, 11, 12, 13, 14, 16, 19, 160, 161, 163, 164, 166, 167, 170, 171, 174, 177, 180, 181, 184, 187, 190, 194, 197, 198, 200, 206, 207, 208, 209, 210, 211, 214, 215, 216, 217, 218, 219, 222, 223, 226, 227, 228, 234, 235, 236, 239, 240, 245, 247, 248, 251, 255, 256, 257, 259, 261, 271, 273, 275, 278, 279, 281, 282, 283, 284, 285, 293, 294, 296, 303, 305, 307, 319, 320, 322, 325, 326, 328, 329, 330, 331, 333], "excluded_lines": [], "start_line": 1}}}, "api/routes/search_query.py": {"executed_lines": [], "summary": {"covered_lines": 0, "num_statements": 36, "percent_covered": 0.0, "percent_covered_display": "0", "missing_lines": 36, "excluded_lines": 0, "percent_statements_covered": 0.0, "percent_statements_covered_display": "0"}, "missing_lines": [3, 5, 7, 10, 11, 31, 33, 34, 35, 36, 37, 38, 39, 40, 41, 42, 43, 44, 45, 46, 47, 48, 50, 53, 62, 63, 64, 66, 75, 76, 90, 91, 97, 106, 107, 109], "excluded_lines": [], "functions": {"search_persons": {"executed_lines": [], "summary": {"covered_lines": 0, "num_statements": 23, "percent_covered": 0.0, "percent_covered_display": "0", "missing_lines": 23, "excluded_lines": 0, "percent_statements_covered": 0.0, "percent_statements_covered_display": "0"}, "missing_lines": [31, 33, 34, 35, 36, 37, 38, 39, 40, 41, 42, 43, 44, 45, 46, 47, 48, 50, 53, 62, 63, 64, 66], "excluded_lines": [], "start_line": 11}, "search_by_region": {"executed_lines": [], "summary": {"covered_lines": 0, "num_statements": 6, "percent_covered": 0.0, "percent_covered_display": "0", "missing_lines": 6, "excluded_lines": 0, "percent_statements_covered": 0.0, "percent_statements_covered_display": "0"}, "missing_lines": [90, 91, 97, 106, 107, 109], "excluded_lines": [], "start_line": 76}, "": {"executed_lines": [], "summary": {"covered_lines": 0, "num_statements": 7, "percent_covered": 0.0, "percent_covered_display": "0", "missing_lines": 7, "excluded_lines": 0, "percent_statements_covered": 0.0, "percent_statements_covered_display": "0"}, "missing_lines": [3, 5, 7, 10, 11, 75, 76], "excluded_lines": [], "start_line": 1}}, "classes": {"": {"executed_lines": [], "summary": {"covered_lines": 0, "num_statements": 36, "percent_covered": 0.0, "percent_covered_display": "0", "missing_lines": 36, "excluded_lines": 0, "percent_statements_covered": 0.0, "percent_statements_covered_display": "0"}, "missing_lines": [3, 5, 7, 10, 11, 31, 33, 34, 35, 36, 37, 38, 39, 40, 41, 42, 43, 44, 45, 46, 47, 48, 50, 53, 62, 63, 64, 66, 75, 76, 90, 91, 97, 106, 107, 109], "excluded_lines": [], "start_line": 1}}}, "api/routes/system.py": {"executed_lines": [], "summary": {"covered_lines": 0, "num_statements": 133, "percent_covered": 0.0, "percent_covered_display": "0", "missing_lines": 133, "excluded_lines": 0, "percent_statements_covered": 0.0, "percent_statements_covered_display": "0"}, "missing_lines": [3, 4, 6, 7, 9, 10, 11, 13, 14, 17, 18, 25, 26, 29, 31, 32, 33, 34, 35, 36, 37, 38, 39, 41, 44, 45, 46, 47, 49, 51, 52, 53, 54, 55, 56, 57, 59, 62, 63, 66, 67, 69, 70, 71, 72, 75, 78, 81, 82, 84, 91, 92, 94, 97, 98, 99, 105, 106, 107, 113, 114, 116, 118, 120, 121, 122, 123, 124, 127, 140, 144, 154, 155, 158, 159, 161, 163, 164, 165, 166, 167, 168, 169, 170, 171, 172, 173, 174, 175, 176, 178, 179, 180, 183, 184, 186, 188, 189, 191, 192, 193, 194, 195, 196, 197, 199, 200, 201, 202, 203, 206, 207, 209, 211, 212, 215, 216, 218, 220, 221, 223, 224, 225, 226, 227, 228, 229, 231, 232, 233, 234, 235, 236], "excluded_lines": [], "functions": {"health": {"executed_lines": [], "summary": {"covered_lines": 0, "num_statements": 39, "percent_covered": 0.0, "percent_covered_display": "0", "missing_lines": 39, "excluded_lines": 0, "percent_statements_covered": 0.0, "percent_statements_covered_display": "0"}, "missing_lines": [25, 26, 29, 31, 32, 33, 34, 35, 36, 37, 38, 39, 41, 44, 45, 46, 47, 49, 51, 52, 53, 54, 55, 56, 57, 59, 62, 63, 66, 67, 69, 70, 71, 72, 75, 78, 81, 82, 84], "excluded_lines": [], "start_line": 18}, "health_simple": {"executed_lines": [], "summary": {"covered_lines": 0, "num_statements": 1, "percent_covered": 0.0, "percent_covered_display": "0", "missing_lines": 1, "excluded_lines": 0, "percent_statements_covered": 0.0, "percent_statements_covered_display": "0"}, "missing_lines": [94], "excluded_lines": [], "start_line": 92}, "stats": {"executed_lines": [], "summary": {"covered_lines": 0, "num_statements": 1, "percent_covered": 0.0, "percent_covered_display": "0", "missing_lines": 1, "excluded_lines": 0, "percent_statements_covered": 0.0, "percent_statements_covered_display": "0"}, "missing_lines": [99], "excluded_lines": [], "start_line": 98}, "registry": {"executed_lines": [], "summary": {"covered_lines": 0, "num_statements": 1, "percent_covered": 0.0, "percent_covered_display": "0", "missing_lines": 1, "excluded_lines": 0, "percent_statements_covered": 0.0, "percent_statements_covered_display": "0"}, "missing_lines": [107], "excluded_lines": [], "start_line": 106}, "queue_stats": {"executed_lines": [], "summary": {"covered_lines": 0, "num_statements": 12, "percent_covered": 0.0, "percent_covered_display": "0", "missing_lines": 12, "excluded_lines": 0, "percent_statements_covered": 0.0, "percent_statements_covered_display": "0"}, "missing_lines": [116, 118, 120, 121, 122, 123, 124, 127, 140, 144, 154, 155], "excluded_lines": [], "start_line": 114}, "drain_queues": {"executed_lines": [], "summary": {"covered_lines": 0, "num_statements": 18, "percent_covered": 0.0, "percent_covered_display": "0", "missing_lines": 18, "excluded_lines": 0, "percent_statements_covered": 0.0, "percent_statements_covered_display": "0"}, "missing_lines": [161, 163, 164, 165, 166, 167, 168, 169, 170, 171, 172, 173, 174, 175, 176, 178, 179, 180], "excluded_lines": [], "start_line": 159}, "circuit_breaker_status": {"executed_lines": [], "summary": {"covered_lines": 0, "num_statements": 15, "percent_covered": 0.0, "percent_covered_display": "0", "missing_lines": 15, "excluded_lines": 0, "percent_statements_covered": 0.0, "percent_statements_covered_display": "0"}, "missing_lines": [186, 188, 189, 191, 192, 193, 194, 195, 196, 197, 199, 200, 201, 202, 203], "excluded_lines": [], "start_line": 184}, "reset_circuit_breaker": {"executed_lines": [], "summary": {"covered_lines": 0, "num_statements": 3, "percent_covered": 0.0, "percent_covered_display": "0", "missing_lines": 3, "excluded_lines": 0, "percent_statements_covered": 0.0, "percent_statements_covered_display": "0"}, "missing_lines": [209, 211, 212], "excluded_lines": [], "start_line": 207}, "rate_limit_status": {"executed_lines": [], "summary": {"covered_lines": 0, "num_statements": 16, "percent_covered": 0.0, "percent_covered_display": "0", "missing_lines": 16, "excluded_lines": 0, "percent_statements_covered": 0.0, "percent_statements_covered_display": "0"}, "missing_lines": [218, 220, 221, 223, 224, 225, 226, 227, 228, 229, 231, 232, 233, 234, 235, 236], "excluded_lines": [], "start_line": 216}, "": {"executed_lines": [], "summary": {"covered_lines": 0, "num_statements": 27, "percent_covered": 0.0, "percent_covered_display": "0", "missing_lines": 27, "excluded_lines": 0, "percent_statements_covered": 0.0, "percent_statements_covered_display": "0"}, "missing_lines": [3, 4, 6, 7, 9, 10, 11, 13, 14, 17, 18, 91, 92, 97, 98, 105, 106, 113, 114, 158, 159, 183, 184, 206, 207, 215, 216], "excluded_lines": [], "start_line": 1}}, "classes": {"": {"executed_lines": [], "summary": {"covered_lines": 0, "num_statements": 133, "percent_covered": 0.0, "percent_covered_display": "0", "missing_lines": 133, "excluded_lines": 0, "percent_statements_covered": 0.0, "percent_statements_covered_display": "0"}, "missing_lines": [3, 4, 6, 7, 9, 10, 11, 13, 14, 17, 18, 25, 26, 29, 31, 32, 33, 34, 35, 36, 37, 38, 39, 41, 44, 45, 46, 47, 49, 51, 52, 53, 54, 55, 56, 57, 59, 62, 63, 66, 67, 69, 70, 71, 72, 75, 78, 81, 82, 84, 91, 92, 94, 97, 98, 99, 105, 106, 107, 113, 114, 116, 118, 120, 121, 122, 123, 124, 127, 140, 144, 154, 155, 158, 159, 161, 163, 164, 165, 166, 167, 168, 169, 170, 171, 172, 173, 174, 175, 176, 178, 179, 180, 183, 184, 186, 188, 189, 191, 192, 193, 194, 195, 196, 197, 199, 200, 201, 202, 203, 206, 207, 209, 211, 212, 215, 216, 218, 220, 221, 223, 224, 225, 226, 227, 228, 229, 231, 232, 233, 234, 235, 236], "excluded_lines": [], "start_line": 1}}}, "api/routes/watchlist.py": {"executed_lines": [], "summary": {"covered_lines": 0, "num_statements": 24, "percent_covered": 0.0, "percent_covered_display": "0", "missing_lines": 24, "excluded_lines": 0, "percent_statements_covered": 0.0, "percent_statements_covered_display": "0"}, "missing_lines": [3, 4, 6, 7, 8, 10, 11, 13, 14, 17, 18, 21, 22, 23, 24, 25, 45, 46, 47, 48, 49, 50, 51, 52], "excluded_lines": [], "functions": {"get_watchlist_matches": {"executed_lines": [], "summary": {"covered_lines": 0, "num_statements": 5, "percent_covered": 0.0, "percent_covered_display": "0", "missing_lines": 5, "excluded_lines": 0, "percent_statements_covered": 0.0, "percent_statements_covered_display": "0"}, "missing_lines": [21, 22, 23, 24, 25], "excluded_lines": [], "start_line": 18}, "confirm_match": {"executed_lines": [], "summary": {"covered_lines": 0, "num_statements": 6, "percent_covered": 0.0, "percent_covered_display": "0", "missing_lines": 6, "excluded_lines": 0, "percent_statements_covered": 0.0, "percent_statements_covered_display": "0"}, "missing_lines": [47, 48, 49, 50, 51, 52], "excluded_lines": [], "start_line": 46}, "": {"executed_lines": [], "summary": {"covered_lines": 0, "num_statements": 13, "percent_covered": 0.0, "percent_covered_display": "0", "missing_lines": 13, "excluded_lines": 0, "percent_statements_covered": 0.0, "percent_statements_covered_display": "0"}, "missing_lines": [3, 4, 6, 7, 8, 10, 11, 13, 14, 17, 18, 45, 46], "excluded_lines": [], "start_line": 1}}, "classes": {"": {"executed_lines": [], "summary": {"covered_lines": 0, "num_statements": 24, "percent_covered": 0.0, "percent_covered_display": "0", "missing_lines": 24, "excluded_lines": 0, "percent_statements_covered": 0.0, "percent_statements_covered_display": "0"}, "missing_lines": [3, 4, 6, 7, 8, 10, 11, 13, 14, 17, 18, 21, 22, 23, 24, 25, 45, 46, 47, 48, 49, 50, 51, 52], "excluded_lines": [], "start_line": 1}}}, "api/routes/ws.py": {"executed_lines": [], "summary": {"covered_lines": 0, "num_statements": 66, "percent_covered": 0.0, "percent_covered_display": "0", "missing_lines": 66, "excluded_lines": 0, "percent_statements_covered": 0.0, "percent_statements_covered_display": "0"}, "missing_lines": [3, 4, 5, 7, 8, 10, 12, 13, 16, 17, 29, 30, 32, 33, 34, 35, 36, 37, 39, 45, 46, 47, 49, 51, 52, 53, 55, 56, 57, 58, 59, 60, 62, 63, 64, 65, 66, 67, 70, 71, 74, 75, 76, 77, 79, 81, 82, 83, 85, 89, 90, 91, 92, 93, 94, 95, 96, 97, 98, 99, 101, 102, 103, 104, 105, 107], "excluded_lines": [], "functions": {"scrape_progress": {"executed_lines": [], "summary": {"covered_lines": 0, "num_statements": 23, "percent_covered": 0.0, "percent_covered_display": "0", "missing_lines": 23, "excluded_lines": 0, "percent_statements_covered": 0.0, "percent_statements_covered_display": "0"}, "missing_lines": [29, 30, 32, 39, 45, 46, 47, 49, 51, 52, 53, 55, 56, 57, 58, 59, 60, 62, 63, 64, 65, 66, 67], "excluded_lines": [], "start_line": 17}, "scrape_progress._forward": {"executed_lines": [], "summary": {"covered_lines": 0, "num_statements": 5, "percent_covered": 0.0, "percent_covered_display": "0", "missing_lines": 5, "excluded_lines": 0, "percent_statements_covered": 0.0, "percent_statements_covered_display": "0"}, "missing_lines": [33, 34, 35, 36, 37], "excluded_lines": [], "start_line": 32}, "sse_progress": {"executed_lines": [], "summary": {"covered_lines": 0, "num_statements": 2, "percent_covered": 0.0, "percent_covered_display": "0", "missing_lines": 2, "excluded_lines": 0, "percent_statements_covered": 0.0, "percent_statements_covered_display": "0"}, "missing_lines": [74, 107], "excluded_lines": [], "start_line": 71}, "sse_progress.event_stream": {"executed_lines": [], "summary": {"covered_lines": 0, "num_statements": 22, "percent_covered": 0.0, "percent_covered_display": "0", "missing_lines": 22, "excluded_lines": 0, "percent_statements_covered": 0.0, "percent_statements_covered_display": "0"}, "missing_lines": [75, 76, 77, 79, 81, 85, 89, 90, 91, 92, 93, 94, 95, 96, 97, 98, 99, 101, 102, 103, 104, 105], "excluded_lines": [], "start_line": 74}, "sse_progress.event_stream._forward": {"executed_lines": [], "summary": {"covered_lines": 0, "num_statements": 2, "percent_covered": 0.0, "percent_covered_display": "0", "missing_lines": 2, "excluded_lines": 0, "percent_statements_covered": 0.0, "percent_statements_covered_display": "0"}, "missing_lines": [82, 83], "excluded_lines": [], "start_line": 81}, "": {"executed_lines": [], "summary": {"covered_lines": 0, "num_statements": 12, "percent_covered": 0.0, "percent_covered_display": "0", "missing_lines": 12, "excluded_lines": 0, "percent_statements_covered": 0.0, "percent_statements_covered_display": "0"}, "missing_lines": [3, 4, 5, 7, 8, 10, 12, 13, 16, 17, 70, 71], "excluded_lines": [], "start_line": 1}}, "classes": {"": {"executed_lines": [], "summary": {"covered_lines": 0, "num_statements": 66, "percent_covered": 0.0, "percent_covered_display": "0", "missing_lines": 66, "excluded_lines": 0, "percent_statements_covered": 0.0, "percent_statements_covered_display": "0"}, "missing_lines": [3, 4, 5, 7, 8, 10, 12, 13, 16, 17, 29, 30, 32, 33, 34, 35, 36, 37, 39, 45, 46, 47, 49, 51, 52, 53, 55, 56, 57, 58, 59, 60, 62, 63, 64, 65, 66, 67, 70, 71, 74, 75, 76, 77, 79, 81, 82, 83, 85, 89, 90, 91, 92, 93, 94, 95, 96, 97, 98, 99, 101, 102, 103, 104, 105, 107], "excluded_lines": [], "start_line": 1}}}, "api/serializers.py": {"executed_lines": [], "summary": {"covered_lines": 0, "num_statements": 37, "percent_covered": 0.0, "percent_covered_display": "0", "missing_lines": 37, "excluded_lines": 0, "percent_statements_covered": 0.0, "percent_statements_covered_display": "0"}, "missing_lines": [3, 4, 5, 6, 9, 11, 12, 13, 14, 15, 16, 17, 18, 19, 21, 22, 25, 27, 28, 29, 30, 31, 32, 33, 36, 38, 39, 42, 44, 45, 46, 47, 48, 49, 50, 51, 52], "excluded_lines": [], "functions": {"_model_to_dict": {"executed_lines": [], "summary": {"covered_lines": 0, "num_statements": 11, "percent_covered": 0.0, "percent_covered_display": "0", "missing_lines": 11, "excluded_lines": 0, "percent_statements_covered": 0.0, "percent_statements_covered_display": "0"}, "missing_lines": [11, 12, 13, 14, 15, 16, 17, 18, 19, 21, 22], "excluded_lines": [], "start_line": 9}, "_serialize_datetimes": {"executed_lines": [], "summary": {"covered_lines": 0, "num_statements": 7, "percent_covered": 0.0, "percent_covered_display": "0", "missing_lines": 7, "excluded_lines": 0, "percent_statements_covered": 0.0, "percent_statements_covered_display": "0"}, "missing_lines": [27, 28, 29, 30, 31, 32, 33], "excluded_lines": [], "start_line": 25}, "_safe_asdict": {"executed_lines": [], "summary": {"covered_lines": 0, "num_statements": 2, "percent_covered": 0.0, "percent_covered_display": "0", "missing_lines": 2, "excluded_lines": 0, "percent_statements_covered": 0.0, "percent_statements_covered_display": "0"}, "missing_lines": [38, 39], "excluded_lines": [], "start_line": 36}, "_serialize": {"executed_lines": [], "summary": {"covered_lines": 0, "num_statements": 9, "percent_covered": 0.0, "percent_covered_display": "0", "missing_lines": 9, "excluded_lines": 0, "percent_statements_covered": 0.0, "percent_statements_covered_display": "0"}, "missing_lines": [44, 45, 46, 47, 48, 49, 50, 51, 52], "excluded_lines": [], "start_line": 42}, "": {"executed_lines": [], "summary": {"covered_lines": 0, "num_statements": 8, "percent_covered": 0.0, "percent_covered_display": "0", "missing_lines": 8, "excluded_lines": 0, "percent_statements_covered": 0.0, "percent_statements_covered_display": "0"}, "missing_lines": [3, 4, 5, 6, 9, 25, 36, 42], "excluded_lines": [], "start_line": 1}}, "classes": {"": {"executed_lines": [], "summary": {"covered_lines": 0, "num_statements": 37, "percent_covered": 0.0, "percent_covered_display": "0", "missing_lines": 37, "excluded_lines": 0, "percent_statements_covered": 0.0, "percent_statements_covered_display": "0"}, "missing_lines": [3, 4, 5, 6, 9, 11, 12, 13, 14, 15, 16, 17, 18, 19, 21, 22, 25, 27, 28, 29, 30, 31, 32, 33, 36, 38, 39, 42, 44, 45, 46, 47, 48, 49, 50, 51, 52], "excluded_lines": [], "start_line": 1}}}, "build_spa.py": {"executed_lines": [], "summary": {"covered_lines": 0, "num_statements": 10, "percent_covered": 0.0, "percent_covered_display": "0", "missing_lines": 10, "excluded_lines": 0, "percent_statements_covered": 0.0, "percent_statements_covered_display": "0"}, "missing_lines": [1, 2, 3, 5, 6, 8, 359, 360, 363, 364], "excluded_lines": [], "functions": {"build": {"executed_lines": [], "summary": {"covered_lines": 0, "num_statements": 7, "percent_covered": 0.0, "percent_covered_display": "0", "missing_lines": 7, "excluded_lines": 0, "percent_statements_covered": 0.0, "percent_statements_covered_display": "0"}, "missing_lines": [2, 3, 5, 6, 8, 359, 360], "excluded_lines": [], "start_line": 1}, "": {"executed_lines": [], "summary": {"covered_lines": 0, "num_statements": 3, "percent_covered": 0.0, "percent_covered_display": "0", "missing_lines": 3, "excluded_lines": 0, "percent_statements_covered": 0.0, "percent_statements_covered_display": "0"}, "missing_lines": [1, 363, 364], "excluded_lines": [], "start_line": 1}}, "classes": {"": {"executed_lines": [], "summary": {"covered_lines": 0, "num_statements": 10, "percent_covered": 0.0, "percent_covered_display": "0", "missing_lines": 10, "excluded_lines": 0, "percent_statements_covered": 0.0, "percent_statements_covered_display": "0"}, "missing_lines": [1, 2, 3, 5, 6, 8, 359, 360, 363, 364], "excluded_lines": [], "start_line": 1}}}, "lycan.py": {"executed_lines": [], "summary": {"covered_lines": 0, "num_statements": 193, "percent_covered": 0.0, "percent_covered_display": "0", "missing_lines": 193, "excluded_lines": 0, "percent_statements_covered": 0.0, "percent_statements_covered_display": "0"}, "missing_lines": [16, 17, 18, 19, 20, 21, 22, 23, 24, 27, 31, 32, 35, 36, 39, 40, 43, 44, 47, 48, 51, 52, 55, 56, 59, 60, 64, 65, 67, 68, 69, 70, 71, 72, 73, 74, 78, 129, 164, 171, 172, 174, 178, 179, 180, 182, 183, 184, 185, 187, 189, 226, 227, 228, 229, 230, 231, 232, 233, 235, 236, 237, 238, 239, 240, 242, 243, 244, 245, 246, 247, 248, 252, 259, 261, 264, 265, 266, 267, 268, 269, 270, 271, 272, 273, 274, 275, 276, 277, 278, 280, 281, 282, 287, 290, 292, 293, 294, 295, 296, 297, 298, 299, 300, 302, 308, 309, 311, 313, 314, 315, 316, 317, 318, 320, 321, 326, 327, 328, 329, 333, 334, 335, 336, 337, 338, 339, 340, 341, 343, 344, 345, 346, 347, 349, 350, 352, 353, 360, 361, 363, 364, 365, 366, 367, 368, 369, 370, 371, 372, 373, 374, 375, 376, 377, 379, 380, 383, 384, 386, 390, 391, 395, 396, 397, 398, 399, 400, 401, 402, 404, 405, 408, 409, 411, 414, 415, 416, 417, 418, 419, 420, 421, 422, 423, 424, 425, 427, 430, 432, 434, 445, 446], "excluded_lines": [], "functions": {"_c": {"executed_lines": [], "summary": {"covered_lines": 0, "num_statements": 1, "percent_covered": 0.0, "percent_covered_display": "0", "missing_lines": 1, "excluded_lines": 0, "percent_statements_covered": 0.0, "percent_statements_covered_display": "0"}, "missing_lines": [32], "excluded_lines": [], "start_line": 31}, "GREEN": {"executed_lines": [], "summary": {"covered_lines": 0, "num_statements": 1, "percent_covered": 0.0, "percent_covered_display": "0", "missing_lines": 1, "excluded_lines": 0, "percent_statements_covered": 0.0, "percent_statements_covered_display": "0"}, "missing_lines": [36], "excluded_lines": [], "start_line": 35}, "YELLOW": {"executed_lines": [], "summary": {"covered_lines": 0, "num_statements": 1, "percent_covered": 0.0, "percent_covered_display": "0", "missing_lines": 1, "excluded_lines": 0, "percent_statements_covered": 0.0, "percent_statements_covered_display": "0"}, "missing_lines": [40], "excluded_lines": [], "start_line": 39}, "CYAN": {"executed_lines": [], "summary": {"covered_lines": 0, "num_statements": 1, "percent_covered": 0.0, "percent_covered_display": "0", "missing_lines": 1, "excluded_lines": 0, "percent_statements_covered": 0.0, "percent_statements_covered_display": "0"}, "missing_lines": [44], "excluded_lines": [], "start_line": 43}, "RED": {"executed_lines": [], "summary": {"covered_lines": 0, "num_statements": 1, "percent_covered": 0.0, "percent_covered_display": "0", "missing_lines": 1, "excluded_lines": 0, "percent_statements_covered": 0.0, "percent_statements_covered_display": "0"}, "missing_lines": [48], "excluded_lines": [], "start_line": 47}, "BOLD": {"executed_lines": [], "summary": {"covered_lines": 0, "num_statements": 1, "percent_covered": 0.0, "percent_covered_display": "0", "missing_lines": 1, "excluded_lines": 0, "percent_statements_covered": 0.0, "percent_statements_covered_display": "0"}, "missing_lines": [52], "excluded_lines": [], "start_line": 51}, "DIM": {"executed_lines": [], "summary": {"covered_lines": 0, "num_statements": 1, "percent_covered": 0.0, "percent_covered_display": "0", "missing_lines": 1, "excluded_lines": 0, "
[...]
 [139, 140], "excluded_lines": [], "start_line": 133}, "TorManager._tcp_reachable": {"executed_lines": [145, 146, 147, 151], "summary": {"covered_lines": 4, "num_statements": 6, "percent_covered": 66.66666666666667, "percent_covered_display": "67", "missing_lines": 2, "excluded_lines": 0, "percent_statements_covered": 66.66666666666667, "percent_statements_covered_display": "67"}, "missing_lines": [152, 153], "excluded_lines": [], "start_line": 143}, "TorManager.disconnect_all": {"executed_lines": [], "summary": {"covered_lines": 0, "num_statements": 8, "percent_covered": 0.0, "percent_covered_display": "0", "missing_lines": 8, "excluded_lines": 0, "percent_statements_covered": 0.0, "percent_statements_covered_display": "0"}, "missing_lines": [156, 157, 158, 159, 160, 161, 162, 163], "excluded_lines": [], "start_line": 155}, "TorManager.new_circuit": {"executed_lines": [167, 169, 170, 171, 172], "summary": {"covered_lines": 5, "num_statements": 14, "percent_covered": 35.714285714285715, "percent_covered_display": "36", "missing_lines": 9, "excluded_lines": 0, "percent_statements_covered": 35.714285714285715, "percent_statements_covered_display": "36"}, "missing_lines": [168, 173, 174, 175, 176, 177, 178, 179, 180], "excluded_lines": [], "start_line": 165}, "TorManager.new_circuit_all": {"executed_lines": [], "summary": {"covered_lines": 0, "num_statements": 2, "percent_covered": 0.0, "percent_covered_display": "0", "missing_lines": 2, "excluded_lines": 0, "percent_statements_covered": 0.0, "percent_statements_covered_display": "0"}, "missing_lines": [184, 185], "excluded_lines": [], "start_line": 182}, "TorManager.is_available": {"executed_lines": [], "summary": {"covered_lines": 0, "num_statements": 1, "percent_covered": 0.0, "percent_covered_display": "0", "missing_lines": 1, "excluded_lines": 0, "percent_statements_covered": 0.0, "percent_statements_covered_display": "0"}, "missing_lines": [189], "excluded_lines": [], "start_line": 187}, "TorManager.can_rotate": {"executed_lines": [], "summary": {"covered_lines": 0, "num_statements": 1, "percent_covered": 0.0, "percent_covered_display": "0", "missing_lines": 1, "excluded_lines": 0, "percent_statements_covered": 0.0, "percent_statements_covered_display": "0"}, "missing_lines": [193], "excluded_lines": [], "start_line": 191}, "TorManager.any_available": {"executed_lines": [], "summary": {"covered_lines": 0, "num_statements": 1, "percent_covered": 0.0, "percent_covered_display": "0", "missing_lines": 1, "excluded_lines": 0, "percent_statements_covered": 0.0, "percent_statements_covered_display": "0"}, "missing_lines": [196], "excluded_lines": [], "start_line": 195}, "TorManager.status": {"executed_lines": [199], "summary": {"covered_lines": 1, "num_statements": 1, "percent_covered": 100.0, "percent_covered_display": "100", "missing_lines": 0, "excluded_lines": 0, "percent_statements_covered": 100.0, "percent_statements_covered_display": "100"}, "missing_lines": [], "excluded_lines": [], "start_line": 198}, "": {"executed_lines": [1, 2, 3, 4, 5, 6, 8, 9, 11, 13, 16, 17, 18, 19, 22, 23, 24, 25, 26, 27, 28, 29, 32, 49, 71, 79, 90, 98, 132, 133, 142, 143, 155, 165, 182, 187, 191, 195, 198, 203], "summary": {"covered_lines": 40, "num_statements": 40, "percent_covered": 100.0, "percent_covered_display": "100", "missing_lines": 0, "excluded_lines": 0, "percent_statements_covered": 100.0, "percent_statements_covered_display": "100"}, "missing_lines": [], "excluded_lines": [], "start_line": 1}}, "classes": {"TorInstance": {"executed_lines": [], "summary": {"covered_lines": 0, "num_statements": 0, "percent_covered": 100.0, "percent_covered_display": "100", "missing_lines": 0, "excluded_lines": 0, "percent_statements_covered": 100.0, "percent_statements_covered_display": "100"}, "missing_lines": [], "excluded_lines": [], "start_line": 16}, "TorEndpoint": {"executed_lines": [], "summary": {"covered_lines": 0, "num_statements": 0, "percent_covered": 100.0, "percent_covered_display": "100", "missing_lines": 0, "excluded_lines": 0, "percent_statements_covered": 100.0, "percent_statements_covered_display": "100"}, "missing_lines": [], "excluded_lines": [], "start_line": 23}, "TorManager": {"executed_lines": [50, 73, 74, 75, 76, 77, 81, 87, 88, 92, 93, 94, 95, 96, 99, 102, 103, 104, 108, 116, 117, 120, 121, 122, 123, 129, 130, 135, 136, 137, 138, 145, 146, 147, 151, 167, 169, 170, 171, 172, 199], "summary": {"covered_lines": 41, "num_statements": 71, "percent_covered": 57.74647887323944, "percent_covered_display": "58", "missing_lines": 30, "excluded_lines": 0, "percent_statements_covered": 57.74647887323944, "percent_statements_covered_display": "58"}, "missing_lines": [112, 113, 114, 115, 139, 140, 152, 153, 156, 157, 158, 159, 160, 161, 162, 163, 168, 173, 174, 175, 176, 177, 178, 179, 180, 184, 185, 189, 193, 196], "excluded_lines": [], "start_line": 32}, "": {"executed_lines": [1, 2, 3, 4, 5, 6, 8, 9, 11, 13, 16, 17, 18, 19, 22, 23, 24, 25, 26, 27, 28, 29, 32, 49, 71, 79, 90, 98, 132, 133, 142, 143, 155, 165, 182, 187, 191, 195, 198, 203], "summary": {"covered_lines": 40, "num_statements": 40, "percent_covered": 100.0, "percent_covered_display": "100", "missing_lines": 0, "excluded_lines": 0, "percent_statements_covered": 100.0, "percent_statements_covered_display": "100"}, "missing_lines": [], "excluded_lines": [], "start_line": 1}}}, "shared/utils/__init__.py": {"executed_lines": [1, 2, 3, 4, 6], "summary": {"covered_lines": 5, "num_statements": 5, "percent_covered": 100.0, "percent_covered_display": "100", "missing_lines": 0, "excluded_lines": 0, "percent_statements_covered": 100.0, "percent_statements_covered_display": "100"}, "missing_lines": [], "excluded_lines": [], "functions": {"": {"executed_lines": [1, 2, 3, 4, 6], "summary": {"covered_lines": 5, "num_statements": 5, "percent_covered": 100.0, "percent_covered_display": "100", "missing_lines": 0, "excluded_lines": 0, "percent_statements_covered": 100.0, "percent_statements_covered_display": "100"}, "missing_lines": [], "excluded_lines": [], "start_line": 1}}, "classes": {"": {"executed_lines": [1, 2, 3, 4, 6], "summary": {"covered_lines": 5, "num_statements": 5, "percent_covered": 100.0, "percent_covered_display": "100", "missing_lines": 0, "excluded_lines": 0, "percent_statements_covered": 100.0, "percent_statements_covered_display": "100"}, "missing_lines": [], "excluded_lines": [], "start_line": 1}}}, "shared/utils/email.py": {"executed_lines": [3, 5, 7, 10, 15, 17, 18, 19, 20, 23, 25, 26, 28, 29, 32, 33, 36, 38, 62], "summary": {"covered_lines": 19, "num_statements": 21, "percent_covered": 90.47619047619048, "percent_covered_display": "90", "missing_lines": 2, "excluded_lines": 0, "percent_statements_covered": 90.47619047619048, "percent_statements_covered_display": "90"}, "missing_lines": [16, 27], "excluded_lines": [], "functions": {"normalize_email": {"executed_lines": [15, 17, 18, 19, 20], "summary": {"covered_lines": 5, "num_statements": 6, "percent_covered": 83.33333333333333, "percent_covered_display": "83", "missing_lines": 1, "excluded_lines": 0, "percent_statements_covered": 83.33333333333333, "percent_statements_covered_display": "83"}, "missing_lines": [16], "excluded_lines": [], "start_line": 10}, "extract_domain": {"executed_lines": [25, 26, 28, 29], "summary": {"covered_lines": 4, "num_statements": 5, "percent_covered": 80.0, "percent_covered_display": "80", "missing_lines": 1, "excluded_lines": 0, "percent_statements_covered": 80.0, "percent_statements_covered_display": "80"}, "missing_lines": [27], "excluded_lines": [], "start_line": 23}, "is_valid_email": {"executed_lines": [33], "summary": {"covered_lines": 1, "num_statements": 1, "percent_covered": 100.0, "percent_covered_display": "100", "missing_lines": 0, "excluded_lines": 0, "percent_statements_covered": 100.0, "percent_statements_covered_display": "100"}, "missing_lines": [], "excluded_lines": [], "start_line": 32}, "is_disposable_domain": {"executed_lines": [38, 62], "summary": {"covered_lines": 2, "num_statements": 2, "percent_covered": 100.0, "percent_covered_display": "100", "missing_lines": 0, "excluded_lines": 0, "percent_statements_covered": 100.0, "percent_statements_covered_display": "100"}, "missing_lines": [], "excluded_lines": [], "start_line": 36}, "": {"executed_lines": [3, 5, 7, 10, 23, 32, 36], "summary": {"covered_lines": 7, "num_statements": 7, "percent_covered": 100.0, "percent_covered_display": "100", "missing_lines": 0, "excluded_lines": 0, "percent_statements_covered": 100.0, "percent_statements_covered_display": "100"}, "missing_lines": [], "excluded_lines": [], "start_line": 1}}, "classes": {"": {"executed_lines": [3, 5, 7, 10, 15, 17, 18, 19, 20, 23, 25, 26, 28, 29, 32, 33, 36, 38, 62], "summary": {"covered_lines": 19, "num_statements": 21, "percent_covered": 90.47619047619048, "percent_covered_display": "90", "missing_lines": 2, "excluded_lines": 0, "percent_statements_covered": 90.47619047619048, "percent_statements_covered_display": "90"}, "missing_lines": [16, 27], "excluded_lines": [], "start_line": 1}}}, "shared/utils/phone.py": {"executed_lines": [3, 5, 6, 8, 11, 16, 17, 18, 19, 21, 22, 25, 30, 31, 32, 34, 35, 45, 46, 47, 50, 62, 64, 65, 66, 67, 68], "summary": {"covered_lines": 27, "num_statements": 37, "percent_covered": 72.97297297297297, "percent_covered_display": "73", "missing_lines": 10, "excluded_lines": 0, "percent_statements_covered": 72.97297297297297, "percent_statements_covered_display": "73"}, "missing_lines": [20, 33, 52, 53, 54, 55, 56, 57, 58, 59], "excluded_lines": [], "functions": {"normalize_phone": {"executed_lines": [16, 17, 18, 19, 21, 22], "summary": {"covered_lines": 6, "num_statements": 7, "percent_covered": 85.71428571428571, "percent_covered_display": "86", "missing_lines": 1, "excluded_lines": 0, "percent_statements_covered": 85.71428571428571, "percent_statements_covered_display": "86"}, "missing_lines": [20], "excluded_lines": [], "start_line": 11}, "get_line_type": {"executed_lines": [30, 31, 32, 34, 35, 45, 46, 47], "summary": {"covered_lines": 8, "num_statements": 9, "percent_covered": 88.88888888888889, "percent_covered_display": "89", "missing_lines": 1, "excluded_lines": 0, "percent_statements_covered": 88.88888888888889, "percent_statements_covered_display": "89"}, "missing_lines": [33], "excluded_lines": [], "start_line": 25}, "get_country_code": {"executed_lines": [], "summary": {"covered_lines": 0, "num_statements": 8, "percent_covered": 0.0, "percent_covered_display": "0", "missing_lines": 8, "excluded_lines": 0, "percent_statements_covered": 0.0, "percent_statements_covered_display": "0"}, "missing_lines": [52, 53, 54, 55, 56, 57, 58, 59], "excluded_lines": [], "start_line": 50}, "is_valid_phone": {"executed_lines": [64, 65, 66, 67, 68], "summary": {"covered_lines": 5, "num_statements": 5, "percent_covered": 100.0, "percent_covered_display": "100", "missing_lines": 0, "excluded_lines": 0, "percent_statements_covered": 100.0, "percent_statements_covered_display": "100"}, "missing_lines": [], "excluded_lines": [], "start_line": 62}, "": {"executed_lines": [3, 5, 6, 8, 11, 25, 50, 62], "summary": {"covered_lines": 8, "num_statements": 8, "percent_covered": 100.0, "percent_covered_display": "100", "missing_lines": 0, "excluded_lines": 0, "percent_statements_covered": 100.0, "percent_statements_covered_display": "100"}, "missing_lines": [], "excluded_lines": [], "start_line": 1}}, "classes": {"": {"executed_lines": [3, 5, 6, 8, 11, 16, 17, 18, 19, 21, 22, 25, 30, 31, 32, 34, 35, 45, 46, 47, 50, 62, 64, 65, 66, 67, 68], "summary": {"covered_lines": 27, "num_statements": 37, "percent_covered": 72.97297297297297, "percent_covered_display": "73", "missing_lines": 10, "excluded_lines": 0, "percent_statements_covered": 72.97297297297297, "percent_statements_covered_display": "73"}, "missing_lines": [20, 33, 52, 53, 54, 55, 56, 57, 58, 59], "excluded_lines": [], "start_line": 1}}}, "shared/utils/scoring.py": {"executed_lines": [3, 5, 8, 10, 13, 25, 27, 28, 29, 32, 37, 38, 39], "summary": {"covered_lines": 13, "num_statements": 19, "percent_covered": 68.42105263157895, "percent_covered_display": "68", "missing_lines": 6, "excluded_lines": 0, "percent_statements_covered": 68.42105263157895, "percent_statements_covered_display": "68"}, "missing_lines": [18, 19, 20, 21, 22, 40], "excluded_lines": [], "functions": {"clamp": {"executed_lines": [10], "summary": {"covered_lines": 1, "num_statements": 1, "percent_covered": 100.0, "percent_covered_display": "100", "missing_lines": 0, "excluded_lines": 0, "percent_statements_covered": 100.0, "percent_statements_covered_display": "100"}, "missing_lines": [], "excluded_lines": [], "start_line": 8}, "weighted_sum": {"executed_lines": [], "summary": {"covered_lines": 0, "num_statements": 5, "percent_covered": 0.0, "percent_covered_display": "0", "missing_lines": 5, "excluded_lines": 0, "percent_statements_covered": 0.0, "percent_statements_covered_display": "0"}, "missing_lines": [18, 19, 20, 21, 22], "excluded_lines": [], "start_line": 13}, "log_scale": {"executed_lines": [27, 28, 29], "summary": {"covered_lines": 3, "num_statements": 3, "percent_covered": 100.0, "percent_covered_display": "100", "missing_lines": 0, "excluded_lines": 0, "percent_statements_covered": 100.0, "percent_statements_covered_display": "100"}, "missing_lines": [], "excluded_lines": [], "start_line": 25}, "tier_from_score": {"executed_lines": [37, 38, 39], "summary": {"covered_lines": 3, "num_statements": 4, "percent_covered": 75.0, "percent_covered_display": "75", "missing_lines": 1, "excluded_lines": 0, "percent_statements_covered": 75.0, "percent_statements_covered_display": "75"}, "missing_lines": [40], "excluded_lines": [], "start_line": 32}, "": {"executed_lines": [3, 5, 8, 13, 25, 32], "summary": {"covered_lines": 6, "num_statements": 6, "percent_covered": 100.0, "percent_covered_display": "100", "missing_lines": 0, "excluded_lines": 0, "percent_statements_covered": 100.0, "percent_statements_covered_display": "100"}, "missing_lines": [], "excluded_lines": [], "start_line": 1}}, "classes": {"": {"executed_lines": [3, 5, 8, 10, 13, 25, 27, 28, 29, 32, 37, 38, 39], "summary": {"covered_lines": 13, "num_statements": 19, "percent_covered": 68.42105263157895, "percent_covered_display": "68", "missing_lines": 6, "excluded_lines": 0, "percent_statements_covered": 68.42105263157895, "percent_statements_covered_display": "68"}, "missing_lines": [18, 19, 20, 21, 22, 40], "excluded_lines": [], "start_line": 1}}}, "shared/utils/social.py": {"executed_lines": [3, 5, 8, 13, 15, 19, 20, 21, 22, 25, 30, 37, 38, 39, 40, 44, 46, 47, 58], "summary": {"covered_lines": 19, "num_statements": 20, "percent_covered": 95.0, "percent_covered_display": "95", "missing_lines": 1, "excluded_lines": 0, "percent_statements_covered": 95.0, "percent_statements_covered_display": "95"}, "missing_lines": [41], "excluded_lines": [], "functions": {"normalize_handle": {"executed_lines": [13, 15, 19, 20, 21, 22], "summary": {"covered_lines": 6, "num_statements": 6, "percent_covered": 100.0, "percent_covered_display": "100", "missing_lines": 0, "excluded_lines": 0, "percent_statements_covered": 100.0, "percent_statements_covered_display": "100"}, "missing_lines": [], "excluded_lines": [], "start_line": 8}, "extract_handle_from_url": {"executed_lines": [30, 37, 38, 39, 40], "summary": {"covered_lines": 5, "num_statements": 6, "percent_covered": 83.33333333333333, "percent_covered_display": "83", "missing_lines": 1, "excluded_lines": 0, "percent_statements_covered": 83.33333333333333, "percent_statements_covered_display": "83"}, "missing_lines": [41], "excluded_lines": [], "start_line": 25}, "build_profile_url": {"executed_lines": [46, 47, 58], "summary": {"covered_lines": 3, "num_statements": 3, "percent_covered": 100.0, "percent_covered_display": "100", "missing_lines": 0, "excluded_lines": 0, "percent_statements_covered": 100.0, "percent_statements_covered_display": "100"}, "missing_lines": [], "excluded_lines": [], "start_line": 44}, "": {"executed_lines": [3, 5, 8, 25, 44], "summary": {"covered_lines": 5, "num_statements": 5, "percent_covered": 100.0, "percent_covered_display": "100", "missing_lines": 0, "excluded_lines": 0, "percent_statements_covered": 100.0, "percent_statements_covered_display": "100"}, "missing_lines": [], "excluded_lines": [], "start_line": 1}}, "classes": {"": {"executed_lines": [3, 5, 8, 13, 15, 19, 20, 21, 22, 25, 30, 37, 38, 39, 40, 44, 46, 47, 58], "summary": {"covered_lines": 19, "num_statements": 20, "percent_covered": 95.0, "percent_covered_display": "95", "missing_lines": 1, "excluded_lines": 0, "percent_statements_covered": 95.0, "percent_statements_covered_display": "95"}, "missing_lines": [41], "excluded_lines": [], "start_line": 1}}}, "worker.py": {"executed_lines": [], "summary": {"covered_lines": 0, "num_statements": 75, "percent_covered": 0.0, "percent_covered_display": "0", "missing_lines": 75, "excluded_lines": 0, "percent_statements_covered": 0.0, "percent_statements_covered_display": "0"}, "missing_lines": [17, 18, 19, 20, 21, 22, 23, 24, 26, 28, 33, 36, 37, 39, 40, 41, 42, 43, 46, 48, 49, 50, 51, 52, 53, 54, 55, 56, 58, 59, 60, 62, 63, 64, 66, 69, 70, 71, 72, 75, 76, 77, 78, 81, 82, 83, 86, 87, 88, 89, 92, 93, 94, 95, 97, 104, 105, 107, 108, 109, 111, 112, 114, 116, 117, 118, 119, 120, 123, 124, 125, 126, 127, 128, 130], "excluded_lines": [], "functions": {"_import_all_crawlers": {"executed_lines": [], "summary": {"covered_lines": 0, "num_statements": 6, "percent_covered": 0.0, "percent_covered_display": "0", "missing_lines": 6, "excluded_lines": 0, "percent_statements_covered": 0.0, "percent_statements_covered_display": "0"}, "missing_lines": [37, 39, 40, 41, 42, 43], "excluded_lines": [], "start_line": 36}, "main": {"executed_lines": [], "summary": {"covered_lines": 0, "num_statements": 47, "percent_covered": 0.0, "percent_covered_display": "0", "missing_lines": 47, "excluded_lines": 0, "percent_statements_covered": 0.0, "percent_statements_covered_display": "0"}, "missing_lines": [48, 49, 50, 51, 52, 53, 54, 55, 56, 58, 59, 60, 62, 63, 64, 66, 69, 70, 71, 72, 75, 76, 77, 78, 81, 82, 83, 86, 87, 88, 89, 92, 93, 94, 95, 97, 104, 105, 107, 111, 112, 114, 116, 117, 118, 119, 120], "excluded_lines": [], "start_line": 46}, "main._shutdown": {"executed_lines": [], "summary": {"covered_lines": 0, "num_statements": 2, "percent_covered": 0.0, "percent_covered_display": "0", "missing_lines": 2, "excluded_lines": 0, "percent_statements_covered": 0.0, "percent_statements_covered_display": "0"}, "missing_lines": [108, 109], "excluded_lines": [], "start_line": 107}, "": {"executed_lines": [], "summary": {"covered_lines": 0, "num_statements": 20, "percent_covered": 0.0, "percent_covered_display": "0", "missing_lines": 20, "excluded_lines": 0, "percent_statements_covered": 0.0, "percent_statements_covered_display": "0"}, "missing_lines": [17, 18, 19, 20, 21, 22, 23, 24, 26, 28, 33, 36, 46, 123, 124, 125, 126, 127, 128, 130], "excluded_lines": [], "start_line": 1}}, "classes": {"": {"executed_lines": [], "summary": {"covered_lines": 0, "num_statements": 75, "percent_covered": 0.0, "percent_covered_display": "0", "missing_lines": 75, "excluded_lines": 0, "percent_statements_covered": 0.0, "percent_statements_covered_display": "0"}, "missing_lines": [17, 18, 19, 20, 21, 22, 23, 24, 26, 28, 33, 36, 37, 39, 40, 41, 42, 43, 46, 48, 49, 50, 51, 52, 53, 54, 55, 56, 58, 59, 60, 62, 63, 64, 66, 69, 70, 71, 72, 75, 76, 77, 78, 81, 82, 83, 86, 87, 88, 89, 92, 93, 94, 95, 97, 104, 105, 107, 108, 109, 111, 112, 114, 116, 117, 118, 119, 120, 123, 124, 125, 126, 127, 128, 130], "excluded_lines": [], "start_line": 1}}}}, "totals": {"covered_lines": 5568, "num_statements": 13818, "percent_covered": 40.295267042987405, "percent_covered_display": "40", "missing_lines": 8250, "excluded_lines": 7, "percent_statements_covered": 40.295267042987405, "percent_statements_covered_display": "40"}}